[ 2016-09-29T13:31:28+08:00 ] ::1 /tp9_1/Public/qwadmin/js/function.js
ERR: 无法加载模块:Public

[ 2016-09-29T16:40:05+08:00 ] ::1 /tp9_1/Public/qwadmin/js/function.js
ERR: 无法加载模块:Public

[ 2016-09-29T16:40:05+08:00 ] ::1 /tp9_1/Public/qwadmin/js/function.js
ERR: 无法加载模块:Public

[ 2016-09-29T16:51:32+08:00 ] ::1 /tp9_1/Public/qwadmin/js/function.js
ERR: 无法加载模块:Public

[ 2016-09-29T17:10:52+08:00 ] ::1 /tp9_1/Public/qwadmin/js/function.js
ERR: 无法加载模块:Public

[ 2016-09-29T17:10:52+08:00 ] ::1 /tp9_1/Public/qwadmin/js/function.js
ERR: 无法加载模块:Public

[ 2016-09-29T17:11:34+08:00 ] ::1 /tp9_1/Public/qwadmin/js/function.js
ERR: 无法加载模块:Public

[ 2016-09-29T17:11:34+08:00 ] ::1 /tp9_1/Public/qwadmin/js/function.js
ERR: 无法加载模块:Public

[ 2016-09-29T17:12:13+08:00 ] ::1 /tp9_1/Public/qwadmin/js/function.js
ERR: 无法加载模块:Public

[ 2016-09-29T17:12:13+08:00 ] ::1 /tp9_1/Public/qwadmin/js/function.js
ERR: 无法加载模块:Public

[ 2016-09-29T17:13:12+08:00 ] ::1 /tp9_1/Public/qwadmin/js/function.js
ERR: 无法加载模块:Public

[ 2016-09-29T17:13:12+08:00 ] ::1 /tp9_1/Public/qwadmin/js/function.js
ERR: 无法加载模块:Public

[ 2016-09-29T17:14:10+08:00 ] ::1 /tp9_1/Public/qwadmin/js/function.js
ERR: 无法加载模块:Public

[ 2016-09-29T17:14:48+08:00 ] ::1 /tp9_1/Public/qwadmin/js/function.js
ERR: 无法加载模块:Public

[ 2016-09-29T17:14:48+08:00 ] ::1 /tp9_1/Public/qwadmin/js/function.js
ERR: 无法加载模块:Public

[ 2016-09-29T17:15:28+08:00 ] ::1 /tp9_1/Public/qwadmin/js/function.js
ERR: 无法加载模块:Public

[ 2016-09-29T17:16:30+08:00 ] ::1 /tp9_1/Public/qwadmin/js/function.js
ERR: 无法加载模块:Public

[ 2016-09-29T17:17:42+08:00 ] ::1 /tp9_1/Public/qwadmin/js/function.js
ERR: 无法加载模块:Public

[ 2016-09-29T17:17:43+08:00 ] ::1 /tp9_1/Public/qwadmin/js/function.js
ERR: 无法加载模块:Public

[ 2016-09-29T17:18:33+08:00 ] ::1 /tp9_1/Public/qwadmin/js/function.js
ERR: 无法加载模块:Public

[ 2016-09-29T17:18:34+08:00 ] ::1 /tp9_1/Public/qwadmin/js/function.js
ERR: 无法加载模块:Public

[ 2016-09-29T17:19:17+08:00 ] ::1 /tp9_1/Public/qwadmin/js/function.js
ERR: 无法加载模块:Public

[ 2016-09-29T17:19:18+08:00 ] ::1 /tp9_1/Public/qwadmin/js/function.js
ERR: 无法加载模块:Public

[ 2016-09-29T17:19:50+08:00 ] ::1 /tp9_1/Public/qwadmin/js/function.js
ERR: 无法加载模块:Public

[ 2016-09-29T17:19:50+08:00 ] ::1 /tp9_1/Public/qwadmin/js/function.js
ERR: 无法加载模块:Public

[ 2016-09-29T17:20:20+08:00 ] ::1 /tp9_1/Public/qwadmin/js/function.js
ERR: 无法加载模块:Public

[ 2016-09-29T17:20:20+08:00 ] ::1 /tp9_1/Public/qwadmin/js/function.js
ERR: 无法加载模块:Public

[ 2016-09-29T17:20:43+08:00 ] ::1 /tp9_1/Public/qwadmin/js/function.js
ERR: 无法加载模块:Public

[ 2016-09-29T17:20:43+08:00 ] ::1 /tp9_1/Public/qwadmin/js/function.js
ERR: 无法加载模块:Public

[ 2016-09-29T17:21:32+08:00 ] ::1 /tp9_1/Public/qwadmin/js/function.js
ERR: 无法加载模块:Public

[ 2016-09-29T17:21:32+08:00 ] ::1 /tp9_1/Public/qwadmin/js/function.js
ERR: 无法加载模块:Public

[ 2016-09-29T17:23:44+08:00 ] ::1 /tp9_1/Public/qwadmin/js/function.js
ERR: 无法加载模块:Public

[ 2016-09-29T17:23:44+08:00 ] ::1 /tp9_1/Public/qwadmin/js/function.js
ERR: 无法加载模块:Public

[ 2016-09-29T17:23:55+08:00 ] ::1 /tp9_1/Public/qwadmin/js/function.js
ERR: 无法加载模块:Public

[ 2016-09-29T17:26:44+08:00 ] ::1 /tp9_1/Public/qwadmin/js/function.js
ERR: 无法加载模块:Public

[ 2016-09-29T17:30:54+08:00 ] ::1 /tp9_1/Public/qwadmin/js/function.js
ERR: 无法加载模块:Public

[ 2016-09-29T17:30:55+08:00 ] ::1 /tp9_1/Public/qwadmin/js/function.js
ERR: 无法加载模块:Public

[ 2016-09-29T17:34:18+08:00 ] ::1 /tp9_1/Public/qwadmin/js/function.js
ERR: 无法加载模块:Public

[ 2016-09-29T17:34:18+08:00 ] ::1 /tp9_1/Public/qwadmin/js/function.js
ERR: 无法加载模块:Public

[ 2016-09-29T17:34:22+08:00 ] ::1 /tp9_1/Public/qwadmin/js/function.js
ERR: 无法加载模块:Public

[ 2016-09-29T17:34:22+08:00 ] ::1 /tp9_1/Public/qwadmin/js/function.js
ERR: 无法加载模块:Public

[ 2016-09-29T17:34:25+08:00 ] ::1 /tp9_1/Public/qwadmin/js/function.js
ERR: 无法加载模块:Public

[ 2016-09-29T17:34:29+08:00 ] ::1 /tp9_1/Public/qwadmin/js/function.js
ERR: 无法加载模块:Public

[ 2016-09-29T17:34:29+08:00 ] ::1 /tp9_1/Public/qwadmin/js/function.js
ERR: 无法加载模块:Public

[ 2016-09-29T17:35:31+08:00 ] ::1 /tp9_1/Public/qwadmin/js/function.js
ERR: 无法加载模块:Public

[ 2016-09-29T17:35:32+08:00 ] ::1 /tp9_1/Public/qwadmin/js/function.js
ERR: 无法加载模块:Public

[ 2016-09-29T17:35:36+08:00 ] ::1 /tp9_1/Public/qwadmin/js/function.js
ERR: 无法加载模块:Public

[ 2016-09-29T17:35:36+08:00 ] ::1 /tp9_1/Public/qwadmin/js/function.js
ERR: 无法加载模块:Public

[ 2016-09-29T17:36:18+08:00 ] ::1 /tp9_1/Public/qwadmin/js/function.js
ERR: 无法加载模块:Public

[ 2016-09-29T17:36:18+08:00 ] ::1 /tp9_1/Public/qwadmin/js/function.js
ERR: 无法加载模块:Public

[ 2016-09-29T17:36:22+08:00 ] ::1 /tp9_1/Public/qwadmin/js/function.js
ERR: 无法加载模块:Public

[ 2016-09-29T17:36:22+08:00 ] ::1 /tp9_1/Public/qwadmin/js/function.js
ERR: 无法加载模块:Public

[ 2016-09-29T17:38:14+08:00 ] ::1 /tp9_1/Public/qwadmin/js/function.js
ERR: 无法加载模块:Public

[ 2016-09-29T17:38:15+08:00 ] ::1 /tp9_1/Public/qwadmin/js/function.js
ERR: 无法加载模块:Public

[ 2016-09-29T17:38:19+08:00 ] ::1 /tp9_1/Public/qwadmin/js/function.js
ERR: 无法加载模块:Public

[ 2016-09-29T17:38:19+08:00 ] ::1 /tp9_1/Public/qwadmin/js/function.js
ERR: 无法加载模块:Public

[ 2016-09-29T17:39:46+08:00 ] ::1 /tp9_1/Public/qwadmin/js/function.js
ERR: 无法加载模块:Public

[ 2016-09-29T17:39:46+08:00 ] ::1 /tp9_1/Public/qwadmin/js/function.js
ERR: 无法加载模块:Public

[ 2016-09-29T17:39:56+08:00 ] ::1 /tp9_1/Public/qwadmin/js/function.js
ERR: 无法加载模块:Public

[ 2016-09-29T17:39:56+08:00 ] ::1 /tp9_1/Public/qwadmin/js/function.js
ERR: 无法加载模块:Public

[ 2016-09-29T17:40:02+08:00 ] ::1 /tp9_1/Public/qwadmin/js/function.js
ERR: 无法加载模块:Public

[ 2016-09-29T17:40:15+08:00 ] ::1 /tp9_1/Public/qwadmin/js/function.js
ERR: 无法加载模块:Public

[ 2016-09-29T17:40:16+08:00 ] ::1 /tp9_1/Public/qwadmin/js/function.js
ERR: 无法加载模块:Public

[ 2016-09-29T17:42:31+08:00 ] ::1 /tp9_1/Public/qwadmin/js/function.js
ERR: 无法加载模块:Public

[ 2016-09-29T17:42:31+08:00 ] ::1 /tp9_1/Public/qwadmin/js/function.js
ERR: 无法加载模块:Public

[ 2016-09-29T17:47:25+08:00 ] ::1 /tp9_1/Public/qwadmin/js/function.js
ERR: 无法加载模块:Public

[ 2016-09-29T17:47:25+08:00 ] ::1 /tp9_1/Public/qwadmin/js/function.js
ERR: 无法加载模块:Public

[ 2016-09-29T17:47:29+08:00 ] ::1 /tp9_1/Public/qwadmin/js/function.js
ERR: 无法加载模块:Public

[ 2016-09-29T17:47:30+08:00 ] ::1 /tp9_1/Public/qwadmin/js/function.js
ERR: 无法加载模块:Public

[ 2016-09-29T17:48:06+08:00 ] ::1 /tp9_1/Public/qwadmin/js/function.js
ERR: 无法加载模块:Public

[ 2016-09-29T17:48:06+08:00 ] ::1 /tp9_1/Public/qwadmin/js/function.js
ERR: 无法加载模块:Public

[ 2016-09-29T17:48:12+08:00 ] ::1 /tp9_1/Public/qwadmin/js/function.js
ERR: 无法加载模块:Public

[ 2016-09-29T17:48:12+08:00 ] ::1 /tp9_1/Public/qwadmin/js/function.js
ERR: 无法加载模块:Public

[ 2016-09-29T18:14:00+08:00 ] ::1 /tp9_1/Public/qwadmin/js/function.js
ERR: 无法加载模块:Public

[ 2016-09-29T18:14:01+08:00 ] ::1 /tp9_1/Public/qwadmin/js/function.js
ERR: 无法加载模块:Public

[ 2016-09-29T18:14:06+08:00 ] ::1 /tp9_1/Public/qwadmin/js/function.js
ERR: 无法加载模块:Public

[ 2016-09-29T18:14:06+08:00 ] ::1 /tp9_1/Public/qwadmin/js/function.js
ERR: 无法加载模块:Public

[ 2016-09-29T20:43:43+08:00 ] 127.0.0.1 /tp9_1/css/mui.min.css
ERR: 无法加载模块:Css

[ 2016-09-29T20:43:43+08:00 ] 127.0.0.1 /tp9_1/js/mui.min.js
ERR: 无法加载模块:Js

[ 2016-09-29T20:44:14+08:00 ] 127.0.0.1 /tp9_1/css/mui.min.css
ERR: 无法加载模块:Css

[ 2016-09-29T20:44:14+08:00 ] 127.0.0.1 /tp9_1/js/mui.min.js
ERR: 无法加载模块:Js

[ 2016-09-29T20:44:35+08:00 ] 127.0.0.1 /tp9_1/css/mui.min.css
ERR: 无法加载模块:Css

[ 2016-09-29T20:44:35+08:00 ] 127.0.0.1 /tp9_1/js/mui.min.js
ERR: 无法加载模块:Js

[ 2016-09-29T20:44:50+08:00 ] 127.0.0.1 /tp9_1/css/mui.min.css
ERR: 无法加载模块:Css

[ 2016-09-29T20:44:50+08:00 ] 127.0.0.1 /tp9_1/js/mui.min.js
ERR: 无法加载模块:Js

[ 2016-09-29T20:45:08+08:00 ] 127.0.0.1 /tp9_1/js/mui.min.js
ERR: 无法加载模块:Js

[ 2016-09-29T20:45:08+08:00 ] 127.0.0.1 /tp9_1/css/mui.min.css
ERR: 无法加载模块:Css

[ 2016-09-29T20:51:17+08:00 ] 127.0.0.1 /tp9_1/css/mui.min.css
ERR: 无法加载模块:Css

[ 2016-09-29T20:51:17+08:00 ] 127.0.0.1 /tp9_1/js/mui.min.js
ERR: 无法加载模块:Js

[ 2016-09-29T20:55:04+08:00 ] 127.0.0.1 /tp9_1/css/mui.min.css
ERR: 无法加载模块:Css

[ 2016-09-29T20:55:04+08:00 ] 127.0.0.1 /tp9_1/js/mui.min.js
ERR: 无法加载模块:Js

[ 2016-09-29T20:55:29+08:00 ] 127.0.0.1 /tp9_1/js/mui.min.js
ERR: 无法加载模块:Js

[ 2016-09-29T20:55:29+08:00 ] 127.0.0.1 /tp9_1/css/mui.min.css
ERR: 无法加载模块:Css

