[ 2016-09-30T10:53:51+08:00 ] 127.0.0.1 /tp9_1/js/mui.min.js
ERR: 无法加载模块:Js

[ 2016-09-30T10:53:51+08:00 ] 127.0.0.1 /tp9_1/css/mui.min.css
ERR: 无法加载模块:Css

[ 2016-09-30T11:17:07+08:00 ] 127.0.0.1 /tp9_1/App/Qwadmin/View/Score/__PUBLIC__/qwadmin/js/date-time/bootstrap-datepicker.js
ERR: 无法加载模块:App

[ 2016-09-30T11:17:07+08:00 ] 127.0.0.1 /tp9_1/App/Qwadmin/View/Score/__PUBLIC__/qwadmin/js/function.js
ERR: 无法加载模块:App

[ 2016-09-30T11:17:22+08:00 ] 127.0.0.1 /tp9_1/App/Qwadmin/View/Score/__PUBLIC__/qwadmin/js/function.js
ERR: 无法加载模块:App

[ 2016-09-30T11:17:22+08:00 ] 127.0.0.1 /tp9_1/App/Qwadmin/View/Score/__PUBLIC__/qwadmin/js/date-time/bootstrap-datepicker.js
ERR: 无法加载模块:App

[ 2016-09-30T11:37:19+08:00 ] 127.0.0.1 /tp9_1/App/Qwadmin/View/Member/__PUBLIC__/qwadmin/js/function.js
ERR: 无法加载模块:App

[ 2016-09-30T11:37:19+08:00 ] 127.0.0.1 /tp9_1/App/Qwadmin/View/Member/__PUBLIC__/qwadmin/js/date-time/bootstrap-datepicker.js
ERR: 无法加载模块:App

[ 2016-09-30T11:37:33+08:00 ] 127.0.0.1 /tp9_1/App/Qwadmin/View/Score/__PUBLIC__/qwadmin/js/function.js
ERR: 无法加载模块:App

[ 2016-09-30T11:37:33+08:00 ] 127.0.0.1 /tp9_1/App/Qwadmin/View/Score/__PUBLIC__/qwadmin/js/date-time/bootstrap-datepicker.js
ERR: 无法加载模块:App

[ 2016-09-30T11:37:42+08:00 ] ::1 /tp9_1/Public/qwadmin/js/function.js
ERR: 无法加载模块:Public

[ 2016-09-30T11:38:47+08:00 ] 127.0.0.1 /tp9_1/App/Qwadmin/View/Score/__PUBLIC__/qwadmin/js/function.js
ERR: 无法加载模块:App

[ 2016-09-30T11:38:47+08:00 ] 127.0.0.1 /tp9_1/App/Qwadmin/View/Score/__PUBLIC__/qwadmin/js/date-time/bootstrap-datepicker.js
ERR: 无法加载模块:App

[ 2016-09-30T11:38:48+08:00 ] ::1 /tp9_1/Public/qwadmin/js/function.js
ERR: 无法加载模块:Public

[ 2016-09-30T11:39:01+08:00 ] 127.0.0.1 /tp9_1/App/Qwadmin/View/Score/__PUBLIC__/qwadmin/js/date-time/bootstrap-datepicker.js
ERR: 无法加载模块:App

[ 2016-09-30T11:39:01+08:00 ] 127.0.0.1 /tp9_1/App/Qwadmin/View/Score/__PUBLIC__/qwadmin/js/function.js
ERR: 无法加载模块:App

[ 2016-09-30T11:39:03+08:00 ] ::1 /tp9_1/Public/qwadmin/js/function.js
ERR: 无法加载模块:Public

[ 2016-09-30T11:39:28+08:00 ] 127.0.0.1 /tp9_1/App/Qwadmin/View/Score/__PUBLIC__/qwadmin/js/date-time/bootstrap-datepicker.js
ERR: 无法加载模块:App

[ 2016-09-30T11:39:28+08:00 ] 127.0.0.1 /tp9_1/App/Qwadmin/View/Score/__PUBLIC__/qwadmin/js/function.js
ERR: 无法加载模块:App

[ 2016-09-30T11:39:37+08:00 ] 127.0.0.1 /tp9_1/App/Qwadmin/View/Score/__PUBLIC__/qwadmin/js/date-time/bootstrap-datepicker.js
ERR: 无法加载模块:App

[ 2016-09-30T11:39:37+08:00 ] 127.0.0.1 /tp9_1/App/Qwadmin/View/Score/__PUBLIC__/qwadmin/js/function.js
ERR: 无法加载模块:App

[ 2016-09-30T11:39:39+08:00 ] ::1 /tp9_1/Public/qwadmin/js/function.js
ERR: 无法加载模块:Public

[ 2016-09-30T11:39:39+08:00 ] ::1 /tp9_1/Public/qwadmin/js/function.js
ERR: 无法加载模块:Public

[ 2016-09-30T11:39:49+08:00 ] ::1 /tp9_1/Public/qwadmin/js/function.js
ERR: 无法加载模块:Public

[ 2016-09-30T11:39:49+08:00 ] ::1 /tp9_1/Public/qwadmin/js/function.js
ERR: 无法加载模块:Public

[ 2016-09-30T11:40:01+08:00 ] ::1 /tp9_1/Public/qwadmin/js/function.js
ERR: 无法加载模块:Public

[ 2016-09-30T11:40:01+08:00 ] ::1 /tp9_1/Public/qwadmin/js/function.js
ERR: 无法加载模块:Public

[ 2016-09-30T11:40:05+08:00 ] ::1 /tp9_1/Public/qwadmin/js/function.js
ERR: 无法加载模块:Public

[ 2016-09-30T11:40:05+08:00 ] ::1 /tp9_1/Public/qwadmin/js/function.js
ERR: 无法加载模块:Public

[ 2016-09-30T11:40:27+08:00 ] 127.0.0.1 /tp9_1/App/Qwadmin/View/Score/__PUBLIC__/qwadmin/js/date-time/bootstrap-datepicker.js
ERR: 无法加载模块:App

[ 2016-09-30T11:40:27+08:00 ] 127.0.0.1 /tp9_1/App/Qwadmin/View/Score/__PUBLIC__/qwadmin/js/function.js
ERR: 无法加载模块:App

[ 2016-09-30T11:40:49+08:00 ] ::1 /tp9_1/Public/qwadmin/js/function.js
ERR: 无法加载模块:Public

[ 2016-09-30T11:40:50+08:00 ] ::1 /tp9_1/Public/qwadmin/js/function.js
ERR: 无法加载模块:Public

[ 2016-09-30T11:40:54+08:00 ] ::1 /tp9_1/Public/qwadmin/js/function.js
ERR: 无法加载模块:Public

[ 2016-09-30T11:40:54+08:00 ] ::1 /tp9_1/Public/qwadmin/js/function.js
ERR: 无法加载模块:Public

[ 2016-09-30T11:41:01+08:00 ] ::1 /tp9_1/Public/qwadmin/js/function.js
ERR: 无法加载模块:Public

[ 2016-09-30T11:41:01+08:00 ] ::1 /tp9_1/Public/qwadmin/js/function.js
ERR: 无法加载模块:Public

[ 2016-09-30T11:41:06+08:00 ] ::1 /tp9_1/Public/qwadmin/js/function.js
ERR: 无法加载模块:Public

[ 2016-09-30T11:41:07+08:00 ] ::1 /tp9_1/Public/qwadmin/js/function.js
ERR: 无法加载模块:Public

[ 2016-09-30T11:41:13+08:00 ] ::1 /tp9_1/Public/qwadmin/js/function.js
ERR: 无法加载模块:Public

[ 2016-09-30T11:41:13+08:00 ] ::1 /tp9_1/Public/qwadmin/js/function.js
ERR: 无法加载模块:Public

[ 2016-09-30T11:41:17+08:00 ] ::1 /tp9_1/Public/qwadmin/js/function.js
ERR: 无法加载模块:Public

[ 2016-09-30T11:41:18+08:00 ] ::1 /tp9_1/Public/qwadmin/js/function.js
ERR: 无法加载模块:Public

[ 2016-09-30T11:41:56+08:00 ] 127.0.0.1 /tp9_1/App/Qwadmin/View/Member/__PUBLIC__/qwadmin/js/date-time/bootstrap-datepicker.js
ERR: 无法加载模块:App

[ 2016-09-30T11:41:56+08:00 ] 127.0.0.1 /tp9_1/App/Qwadmin/View/Member/__PUBLIC__/qwadmin/js/function.js
ERR: 无法加载模块:App

[ 2016-09-30T11:41:59+08:00 ] 127.0.0.1 /tp9_1/App/Qwadmin/View/Score/__PUBLIC__/qwadmin/js/date-time/bootstrap-datepicker.js
ERR: 无法加载模块:App

[ 2016-09-30T11:41:59+08:00 ] 127.0.0.1 /tp9_1/App/Qwadmin/View/Score/__PUBLIC__/qwadmin/js/function.js
ERR: 无法加载模块:App

[ 2016-09-30T11:42:56+08:00 ] ::1 /tp9_1/Public/qwadmin/js/function.js
ERR: 无法加载模块:Public

[ 2016-09-30T11:42:56+08:00 ] ::1 /tp9_1/Public/qwadmin/js/function.js
ERR: 无法加载模块:Public

[ 2016-09-30T11:44:59+08:00 ] ::1 /tp9_1/Public/qwadmin/js/function.js
ERR: 无法加载模块:Public

[ 2016-09-30T11:44:59+08:00 ] ::1 /tp9_1/Public/qwadmin/js/function.js
ERR: 无法加载模块:Public

[ 2016-09-30T11:45:15+08:00 ] ::1 /tp9_1/Public/qwadmin/js/function.js
ERR: 无法加载模块:Public

[ 2016-09-30T11:45:15+08:00 ] ::1 /tp9_1/Public/qwadmin/js/function.js
ERR: 无法加载模块:Public

[ 2016-09-30T11:49:51+08:00 ] ::1 /tp9_1/Public/qwadmin/js/function.js
ERR: 无法加载模块:Public

[ 2016-09-30T11:49:51+08:00 ] ::1 /tp9_1/Public/qwadmin/js/function.js
ERR: 无法加载模块:Public

[ 2016-09-30T11:52:52+08:00 ] ::1 /tp9_1/Public/qwadmin/js/function.js
ERR: 无法加载模块:Public

[ 2016-09-30T11:52:52+08:00 ] ::1 /tp9_1/Public/qwadmin/js/function.js
ERR: 无法加载模块:Public

[ 2016-09-30T11:55:32+08:00 ] ::1 /tp9_1/Public/qwadmin/js/function.js
ERR: 无法加载模块:Public

[ 2016-09-30T11:55:32+08:00 ] ::1 /tp9_1/Public/qwadmin/js/function.js
ERR: 无法加载模块:Public

[ 2016-09-30T12:24:18+08:00 ] ::1 /tp9_1/Public/qwadmin/js/function.js
ERR: 无法加载模块:Public

[ 2016-09-30T12:24:19+08:00 ] ::1 /tp9_1/Public/qwadmin/js/function.js
ERR: 无法加载模块:Public

[ 2016-09-30T12:24:22+08:00 ] ::1 /tp9_1/Public/qwadmin/js/function.js
ERR: 无法加载模块:Public

[ 2016-09-30T12:24:22+08:00 ] ::1 /tp9_1/Public/qwadmin/js/function.js
ERR: 无法加载模块:Public

[ 2016-09-30T12:24:25+08:00 ] ::1 /tp9_1/Public/qwadmin/js/function.js
ERR: 无法加载模块:Public

[ 2016-09-30T12:24:28+08:00 ] ::1 /tp9_1/Public/qwadmin/js/function.js
ERR: 无法加载模块:Public

[ 2016-09-30T12:24:28+08:00 ] ::1 /tp9_1/Public/qwadmin/js/function.js
ERR: 无法加载模块:Public

[ 2016-09-30T12:24:31+08:00 ] ::1 /tp9_1/Public/qwadmin/js/function.js
ERR: 无法加载模块:Public

[ 2016-09-30T12:24:31+08:00 ] ::1 /tp9_1/Public/qwadmin/js/function.js
ERR: 无法加载模块:Public

[ 2016-09-30T12:24:33+08:00 ] ::1 /tp9_1/Public/qwadmin/js/function.js
ERR: 无法加载模块:Public

[ 2016-09-30T12:24:33+08:00 ] ::1 /tp9_1/Public/qwadmin/js/function.js
ERR: 无法加载模块:Public

[ 2016-09-30T12:39:33+08:00 ] ::1 /tp9_1/Public/qwadmin/js/function.js
ERR: 无法加载模块:Public

[ 2016-09-30T12:41:12+08:00 ] ::1 /tp9_1/Public/qwadmin/js/function.js
ERR: 无法加载模块:Public

[ 2016-09-30T12:41:12+08:00 ] ::1 /tp9_1/Public/qwadmin/js/function.js
ERR: 无法加载模块:Public

[ 2016-09-30T12:41:16+08:00 ] ::1 /tp9_1/Public/qwadmin/js/function.js
ERR: 无法加载模块:Public

[ 2016-09-30T12:41:16+08:00 ] ::1 /tp9_1/Public/qwadmin/js/function.js
ERR: 无法加载模块:Public

