[ 2016-10-24T16:43:09+08:00 ] ::1 /project/tp9_1/index.php/Home/Sign/biaoji.html
INFO: [ app_begin ] --START--
INFO: Run Behavior\ReadHtmlCacheBehavior [ RunTime:0.001486s ]
INFO: [ app_begin ] --END-- [ RunTime:0.002495s ]
SQL: SHOW COLUMNS FROM `qw_setting` [ RunTime:0.0119s ]
SQL: SELECT `k`,`v` FROM `qw_setting`  [ RunTime:0.0003s ]
SQL: SHOW COLUMNS FROM `qw_member` [ RunTime:0.0075s ]
SQL: SELECT `uid`,`user`,`identifier`,`token`,`salt` FROM `qw_member` WHERE `identifier` = 'd509c6a239d854f0ad0328f0ab4b8fd7' LIMIT 1   [ RunTime:0.0003s ]
SQL: SELECT * FROM qw_auth_group g left join qw_auth_group_access a on g.id=a.group_id where a.uid=14 [ RunTime:0.0003s ]
SQL: SELECT * FROM `qw_member` WHERE `uid` = 14 LIMIT 1   [ RunTime:0.0003s ]
SQL: SELECT s.id,s.title,s.name,s.tips,s.pid,p.pid as ppid,p.title as ptitle FROM qw_auth_rule s left join qw_auth_rule p on p.id=s.pid where s.name='Sign/biaoji' [ RunTime:0.0003s ]
NOTIC: [8] Undefined offset: 0 E:\xampp\htdocs\project\tp9_1\App\Home\Controller\ComController.class.php 第 63 行.
SQL: SHOW COLUMNS FROM `qw_auth_rule` [ RunTime:0.0056s ]
SQL: SELECT `id`,`title`,`pid`,`name`,`icon` FROM `qw_auth_rule` WHERE ( islink=1 AND id in (67,69,78,80,68,79,48,49,50,55)  ) ORDER BY o ASC  [ RunTime:0.0004s ]
SQL: SHOW COLUMNS FROM `qw_sign` [ RunTime:0.0053s ]
SQL: UPDATE `qw_sign` SET `display`='1' WHERE `id` = 323 [ RunTime:0.0005s ]

[ 2016-10-24T16:43:23+08:00 ] ::1 /project/tp9_1/index.php/Home/Sign/biaoji.html
INFO: [ app_begin ] --START--
INFO: Run Behavior\ReadHtmlCacheBehavior [ RunTime:0.000483s ]
INFO: [ app_begin ] --END-- [ RunTime:0.000810s ]
SQL: SHOW COLUMNS FROM `qw_setting` [ RunTime:0.0117s ]
SQL: SELECT `k`,`v` FROM `qw_setting`  [ RunTime:0.0002s ]
SQL: SHOW COLUMNS FROM `qw_member` [ RunTime:0.0059s ]
SQL: SELECT `uid`,`user`,`identifier`,`token`,`salt` FROM `qw_member` WHERE `identifier` = 'd509c6a239d854f0ad0328f0ab4b8fd7' LIMIT 1   [ RunTime:0.0003s ]
SQL: SELECT * FROM qw_auth_group g left join qw_auth_group_access a on g.id=a.group_id where a.uid=14 [ RunTime:0.0003s ]
SQL: SELECT * FROM `qw_member` WHERE `uid` = 14 LIMIT 1   [ RunTime:0.0004s ]
SQL: SELECT s.id,s.title,s.name,s.tips,s.pid,p.pid as ppid,p.title as ptitle FROM qw_auth_rule s left join qw_auth_rule p on p.id=s.pid where s.name='Sign/biaoji' [ RunTime:0.0003s ]
NOTIC: [8] Undefined offset: 0 E:\xampp\htdocs\project\tp9_1\App\Home\Controller\ComController.class.php 第 63 行.
SQL: SHOW COLUMNS FROM `qw_auth_rule` [ RunTime:0.0099s ]
SQL: SELECT `id`,`title`,`pid`,`name`,`icon` FROM `qw_auth_rule` WHERE ( islink=1 AND id in (67,69,78,80,68,79,48,49,50,55)  ) ORDER BY o ASC  [ RunTime:0.0004s ]
SQL: SHOW COLUMNS FROM `qw_sign` [ RunTime:0.0058s ]
SQL: UPDATE `qw_sign` SET `display`='1' WHERE `id` = 323 [ RunTime:0.0003s ]

