[ 2016-10-25T13:08:55+08:00 ] ::1 /project/tp9_1/index.php/Home/qwadmin
ERR: 无法加载控制器:Qwadmin

[ 2016-10-25T13:52:42+08:00 ] ::1 /project/tp9_1/index.php/Home/Sign/del.html
INFO: [ app_begin ] --START--
INFO: Run Behavior\ReadHtmlCacheBehavior [ RunTime:0.000420s ]
INFO: [ app_begin ] --END-- [ RunTime:0.000766s ]
SQL: SHOW COLUMNS FROM `qw_setting` [ RunTime:0.0098s ]
SQL: SELECT `k`,`v` FROM `qw_setting`  [ RunTime:0.0002s ]
SQL: SHOW COLUMNS FROM `qw_member` [ RunTime:0.0062s ]
SQL: SELECT `uid`,`user`,`identifier`,`token`,`salt` FROM `qw_member` WHERE `identifier` = '77ed1fcf6162208b5527bb9f14a54d2a' LIMIT 1   [ RunTime:0.0003s ]
SQL: SELECT * FROM qw_auth_group g left join qw_auth_group_access a on g.id=a.group_id where a.uid=14 [ RunTime:0.0003s ]
SQL: SELECT * FROM `qw_member` WHERE `uid` = 14 LIMIT 1   [ RunTime:0.0003s ]
SQL: SELECT s.id,s.title,s.name,s.tips,s.pid,p.pid as ppid,p.title as ptitle FROM qw_auth_rule s left join qw_auth_rule p on p.id=s.pid where s.name='Sign/del' [ RunTime:0.0003s ]
NOTIC: [8] Undefined offset: 0 E:\xampp\htdocs\project\tp9_1\App\Home\Controller\ComController.class.php 第 63 行.
SQL: SHOW COLUMNS FROM `qw_auth_rule` [ RunTime:0.0056s ]
SQL: SELECT `id`,`title`,`pid`,`name`,`icon` FROM `qw_auth_rule` WHERE ( islink=1 AND id in (67,69,78,80,68,79,48,49,50,55)  ) ORDER BY o ASC  [ RunTime:0.0004s ]
SQL: SHOW COLUMNS FROM `qw_sign_list` [ RunTime:0.0059s ]
SQL: DELETE FROM `qw_sign_list` WHERE `id` = 70 [ RunTime:0.0003s ]

[ 2016-10-25T13:52:47+08:00 ] ::1 /project/tp9_1/index.php/Home/Sign/del.html
INFO: [ app_begin ] --START--
INFO: Run Behavior\ReadHtmlCacheBehavior [ RunTime:0.000367s ]
INFO: [ app_begin ] --END-- [ RunTime:0.000687s ]
SQL: SHOW COLUMNS FROM `qw_setting` [ RunTime:0.0097s ]
SQL: SELECT `k`,`v` FROM `qw_setting`  [ RunTime:0.0003s ]
SQL: SHOW COLUMNS FROM `qw_member` [ RunTime:0.0060s ]
SQL: SELECT `uid`,`user`,`identifier`,`token`,`salt` FROM `qw_member` WHERE `identifier` = '77ed1fcf6162208b5527bb9f14a54d2a' LIMIT 1   [ RunTime:0.0002s ]
SQL: SELECT * FROM qw_auth_group g left join qw_auth_group_access a on g.id=a.group_id where a.uid=14 [ RunTime:0.0003s ]
SQL: SELECT * FROM `qw_member` WHERE `uid` = 14 LIMIT 1   [ RunTime:0.0002s ]
SQL: SELECT s.id,s.title,s.name,s.tips,s.pid,p.pid as ppid,p.title as ptitle FROM qw_auth_rule s left join qw_auth_rule p on p.id=s.pid where s.name='Sign/del' [ RunTime:0.0002s ]
NOTIC: [8] Undefined offset: 0 E:\xampp\htdocs\project\tp9_1\App\Home\Controller\ComController.class.php 第 63 行.
SQL: SHOW COLUMNS FROM `qw_auth_rule` [ RunTime:0.0057s ]
SQL: SELECT `id`,`title`,`pid`,`name`,`icon` FROM `qw_auth_rule` WHERE ( islink=1 AND id in (67,69,78,80,68,79,48,49,50,55)  ) ORDER BY o ASC  [ RunTime:0.0004s ]
SQL: SHOW COLUMNS FROM `qw_sign_list` [ RunTime:0.0059s ]
SQL: DELETE FROM `qw_sign_list` WHERE `id` = 69 [ RunTime:0.0002s ]

[ 2016-10-25T13:52:49+08:00 ] ::1 /project/tp9_1/index.php/Home/Sign/del.html
INFO: [ app_begin ] --START--
INFO: Run Behavior\ReadHtmlCacheBehavior [ RunTime:0.000364s ]
INFO: [ app_begin ] --END-- [ RunTime:0.000681s ]
SQL: SHOW COLUMNS FROM `qw_setting` [ RunTime:0.0084s ]
SQL: SELECT `k`,`v` FROM `qw_setting`  [ RunTime:0.0003s ]
SQL: SHOW COLUMNS FROM `qw_member` [ RunTime:0.0055s ]
SQL: SELECT `uid`,`user`,`identifier`,`token`,`salt` FROM `qw_member` WHERE `identifier` = '77ed1fcf6162208b5527bb9f14a54d2a' LIMIT 1   [ RunTime:0.0003s ]
SQL: SELECT * FROM qw_auth_group g left join qw_auth_group_access a on g.id=a.group_id where a.uid=14 [ RunTime:0.0003s ]
SQL: SELECT * FROM `qw_member` WHERE `uid` = 14 LIMIT 1   [ RunTime:0.0003s ]
SQL: SELECT s.id,s.title,s.name,s.tips,s.pid,p.pid as ppid,p.title as ptitle FROM qw_auth_rule s left join qw_auth_rule p on p.id=s.pid where s.name='Sign/del' [ RunTime:0.0003s ]
NOTIC: [8] Undefined offset: 0 E:\xampp\htdocs\project\tp9_1\App\Home\Controller\ComController.class.php 第 63 行.
SQL: SHOW COLUMNS FROM `qw_auth_rule` [ RunTime:0.0054s ]
SQL: SELECT `id`,`title`,`pid`,`name`,`icon` FROM `qw_auth_rule` WHERE ( islink=1 AND id in (67,69,78,80,68,79,48,49,50,55)  ) ORDER BY o ASC  [ RunTime:0.0004s ]
SQL: SHOW COLUMNS FROM `qw_sign_list` [ RunTime:0.0054s ]
SQL: DELETE FROM `qw_sign_list` WHERE `id` = 68 [ RunTime:0.0002s ]

