[ 2016-11-07T14:48:42+08:00 ] ::1 /project/tp9_1/
ERR: SQLSTATE[HY000] [1049] Unknown database 'tp9'

[ 2016-11-07T20:01:29+08:00 ] ::1 /project/tp9_1/index.php/Home/Sign/looks.html?field=xingming&keyword=
ERR: SQLSTATE[42000]: Syntax error or access violation: 1064 You have an error in your SQL syntax; check the manual that corresponds to your MariaDB server version for the right syntax to use near 'AND fid=14 ) LIMIT 1' at line 1

[ 2016-11-07T20:01:34+08:00 ] ::1 /project/tp9_1/index.php/Home/Sign/looks.html?field=xingming&keyword=
ERR: SQLSTATE[42000]: Syntax error or access violation: 1064 You have an error in your SQL syntax; check the manual that corresponds to your MariaDB server version for the right syntax to use near 'AND fid=14 ) LIMIT 1' at line 1

[ 2016-11-07T20:42:50+08:00 ] ::1 /project/tp9_1/index.php/Home/Sign/looks.html
ERR: SQLSTATE[42000]: Syntax error or access violation: 1064 You have an error in your SQL syntax; check the manual that corresponds to your MariaDB server version for the right syntax to use near 'AND fid=14 ) LIMIT 1' at line 1

[ 2016-11-07T20:43:00+08:00 ] ::1 /project/tp9_1/index.php/Home/Sign/looks.html
ERR: SQLSTATE[42000]: Syntax error or access violation: 1064 You have an error in your SQL syntax; check the manual that corresponds to your MariaDB server version for the right syntax to use near 'AND fid=14 ) LIMIT 1' at line 1

[ 2016-11-07T21:17:50+08:00 ] ::1 /project/tp9_1/index.php/Home/Sign/looks.html?id=76
ERR: SQLSTATE[42000]: Syntax error or access violation: 1064 You have an error in your SQL syntax; check the manual that corresponds to your MariaDB server version for the right syntax to use near ') LIMIT 1' at line 1

[ 2016-11-07T21:18:18+08:00 ] ::1 /project/tp9_1/index.php/Home/Sign/looks.html?id=76
ERR: SQLSTATE[42000]: Syntax error or access violation: 1064 You have an error in your SQL syntax; check the manual that corresponds to your MariaDB server version for the right syntax to use near ') LIMIT 1' at line 1

[ 2016-11-07T21:19:49+08:00 ] ::1 /project/tp9_1/index.php/Home/Sign/looks.html?id=76
ERR: SQLSTATE[42000]: Syntax error or access violation: 1064 You have an error in your SQL syntax; check the manual that corresponds to your MariaDB server version for the right syntax to use near ') LIMIT 1' at line 1

[ 2016-11-07T21:19:51+08:00 ] ::1 /project/tp9_1/index.php/Home/Sign/looks.html?id=76
ERR: SQLSTATE[42000]: Syntax error or access violation: 1064 You have an error in your SQL syntax; check the manual that corresponds to your MariaDB server version for the right syntax to use near ') LIMIT 1' at line 1

[ 2016-11-07T21:24:14+08:00 ] ::1 /project/tp9_1/index.php/Home/Sign/ding.html
INFO: [ app_begin ] --START--
INFO: Run Behavior\ReadHtmlCacheBehavior [ RunTime:0.001001s ]
INFO: [ app_begin ] --END-- [ RunTime:0.003001s ]
SQL: SHOW COLUMNS FROM `qw_setting` [ RunTime:0.0020s ]
SQL: SELECT `k`,`v` FROM `qw_setting`  [ RunTime:0.0000s ]
SQL: SHOW COLUMNS FROM `qw_member` [ RunTime:0.0030s ]
SQL: SELECT `uid`,`user`,`identifier`,`token`,`salt` FROM `qw_member` WHERE `identifier` = '61277c90a0a5c0f9b05947ec77860a9c' LIMIT 1   [ RunTime:0.0000s ]
SQL: SELECT * FROM qw_auth_group g left join qw_auth_group_access a on g.id=a.group_id where a.uid=14 [ RunTime:0.0000s ]
SQL: SELECT * FROM `qw_member` WHERE `uid` = 14 LIMIT 1   [ RunTime:0.0010s ]
SQL: SELECT s.id,s.title,s.name,s.tips,s.pid,p.pid as ppid,p.title as ptitle FROM qw_auth_rule s left join qw_auth_rule p on p.id=s.pid where s.name='Sign/ding' [ RunTime:0.0000s ]
NOTIC: [8] Undefined offset: 0 D:\xampp\htdocs\project\tp9_1\App\Home\Controller\ComController.class.php 第 63 行.
SQL: SHOW COLUMNS FROM `qw_auth_rule` [ RunTime:0.0020s ]
SQL: SELECT `id`,`title`,`pid`,`name`,`icon` FROM `qw_auth_rule` WHERE ( islink=1 AND id in (67,69,78,80,68,79,48,49,50,55)  ) ORDER BY o ASC  [ RunTime:0.0000s ]
SQL: SHOW COLUMNS FROM `qw_sign_list` [ RunTime:0.0020s ]
SQL: UPDATE `qw_sign_list` SET `ding`='1' WHERE `id` = 76 [ RunTime:0.0230s ]

[ 2016-11-07T21:24:24+08:00 ] ::1 /project/tp9_1/index.php/Home/Sign/ding.html
INFO: [ app_begin ] --START--
INFO: Run Behavior\ReadHtmlCacheBehavior [ RunTime:0.001000s ]
INFO: [ app_begin ] --END-- [ RunTime:0.001000s ]
SQL: SHOW COLUMNS FROM `qw_setting` [ RunTime:0.0020s ]
SQL: SELECT `k`,`v` FROM `qw_setting`  [ RunTime:0.0000s ]
SQL: SHOW COLUMNS FROM `qw_member` [ RunTime:0.0020s ]
SQL: SELECT `uid`,`user`,`identifier`,`token`,`salt` FROM `qw_member` WHERE `identifier` = '61277c90a0a5c0f9b05947ec77860a9c' LIMIT 1   [ RunTime:0.0010s ]
SQL: SELECT * FROM qw_auth_group g left join qw_auth_group_access a on g.id=a.group_id where a.uid=14 [ RunTime:0.0000s ]
SQL: SELECT * FROM `qw_member` WHERE `uid` = 14 LIMIT 1   [ RunTime:0.0000s ]
SQL: SELECT s.id,s.title,s.name,s.tips,s.pid,p.pid as ppid,p.title as ptitle FROM qw_auth_rule s left join qw_auth_rule p on p.id=s.pid where s.name='Sign/ding' [ RunTime:0.0000s ]
NOTIC: [8] Undefined offset: 0 D:\xampp\htdocs\project\tp9_1\App\Home\Controller\ComController.class.php 第 63 行.
SQL: SHOW COLUMNS FROM `qw_auth_rule` [ RunTime:0.0030s ]
SQL: SELECT `id`,`title`,`pid`,`name`,`icon` FROM `qw_auth_rule` WHERE ( islink=1 AND id in (67,69,78,80,68,79,48,49,50,55)  ) ORDER BY o ASC  [ RunTime:0.0000s ]
SQL: SHOW COLUMNS FROM `qw_sign_list` [ RunTime:0.0020s ]
SQL: UPDATE `qw_sign_list` SET `ding`='1' WHERE `id` = 71 [ RunTime:0.0010s ]

[ 2016-11-07T21:25:26+08:00 ] ::1 /project/tp9_1/index.php/Home/Sign/ding.html
INFO: [ app_begin ] --START--
INFO: Run Behavior\ReadHtmlCacheBehavior [ RunTime:0.001000s ]
INFO: [ app_begin ] --END-- [ RunTime:0.002000s ]
SQL: SHOW COLUMNS FROM `qw_setting` [ RunTime:0.0020s ]
SQL: SELECT `k`,`v` FROM `qw_setting`  [ RunTime:0.0010s ]
SQL: SHOW COLUMNS FROM `qw_member` [ RunTime:0.0160s ]
SQL: SELECT `uid`,`user`,`identifier`,`token`,`salt` FROM `qw_member` WHERE `identifier` = '61277c90a0a5c0f9b05947ec77860a9c' LIMIT 1   [ RunTime:0.0010s ]
SQL: SELECT * FROM qw_auth_group g left join qw_auth_group_access a on g.id=a.group_id where a.uid=14 [ RunTime:0.0010s ]
SQL: SELECT * FROM `qw_member` WHERE `uid` = 14 LIMIT 1   [ RunTime:0.0010s ]
SQL: SELECT s.id,s.title,s.name,s.tips,s.pid,p.pid as ppid,p.title as ptitle FROM qw_auth_rule s left join qw_auth_rule p on p.id=s.pid where s.name='Sign/ding' [ RunTime:0.0010s ]
NOTIC: [8] Undefined offset: 0 D:\xampp\htdocs\project\tp9_1\App\Home\Controller\ComController.class.php 第 63 行.
SQL: SHOW COLUMNS FROM `qw_auth_rule` [ RunTime:0.0030s ]
SQL: SELECT `id`,`title`,`pid`,`name`,`icon` FROM `qw_auth_rule` WHERE ( islink=1 AND id in (67,69,78,80,68,79,48,49,50,55)  ) ORDER BY o ASC  [ RunTime:0.0010s ]
SQL: SHOW COLUMNS FROM `qw_sign_list` [ RunTime:0.0030s ]
SQL: UPDATE `qw_sign_list` SET `ding`='2' WHERE `id` = 76 [ RunTime:0.0010s ]

[ 2016-11-07T21:25:37+08:00 ] ::1 /project/tp9_1/index.php/Home/Sign/ding.html
INFO: [ app_begin ] --START--
INFO: Run Behavior\ReadHtmlCacheBehavior [ RunTime:0.001000s ]
INFO: [ app_begin ] --END-- [ RunTime:0.001000s ]
SQL: SHOW COLUMNS FROM `qw_setting` [ RunTime:0.0020s ]
SQL: SELECT `k`,`v` FROM `qw_setting`  [ RunTime:0.0010s ]
SQL: SHOW COLUMNS FROM `qw_member` [ RunTime:0.0020s ]
SQL: SELECT `uid`,`user`,`identifier`,`token`,`salt` FROM `qw_member` WHERE `identifier` = '61277c90a0a5c0f9b05947ec77860a9c' LIMIT 1   [ RunTime:0.0000s ]
SQL: SELECT * FROM qw_auth_group g left join qw_auth_group_access a on g.id=a.group_id where a.uid=14 [ RunTime:0.0010s ]
SQL: SELECT * FROM `qw_member` WHERE `uid` = 14 LIMIT 1   [ RunTime:0.0000s ]
SQL: SELECT s.id,s.title,s.name,s.tips,s.pid,p.pid as ppid,p.title as ptitle FROM qw_auth_rule s left join qw_auth_rule p on p.id=s.pid where s.name='Sign/ding' [ RunTime:0.0000s ]
NOTIC: [8] Undefined offset: 0 D:\xampp\htdocs\project\tp9_1\App\Home\Controller\ComController.class.php 第 63 行.
SQL: SHOW COLUMNS FROM `qw_auth_rule` [ RunTime:0.0030s ]
SQL: SELECT `id`,`title`,`pid`,`name`,`icon` FROM `qw_auth_rule` WHERE ( islink=1 AND id in (67,69,78,80,68,79,48,49,50,55)  ) ORDER BY o ASC  [ RunTime:0.0030s ]
SQL: SHOW COLUMNS FROM `qw_sign_list` [ RunTime:0.0040s ]
SQL: UPDATE `qw_sign_list` SET `ding`='2' WHERE `id` = 71 [ RunTime:0.0000s ]

