[ 2017-05-19T10:48:19+08:00 ] 218.26.243.163 /tp9_1/
INFO: [ app_init ] --START--
INFO: Run Behavior\BuildLiteBehavior [ RunTime:0.000000s ]
INFO: [ app_init ] --END-- [ RunTime:0.000000s ]
INFO: [ app_begin ] --START--
INFO: Run Behavior\ReadHtmlCacheBehavior [ RunTime:0.000000s ]
INFO: [ app_begin ] --END-- [ RunTime:0.000000s ]
SQL: SHOW COLUMNS FROM `qw_setting` [ RunTime:0.0000s ]
SQL: SELECT `k`,`v` FROM `qw_setting`  [ RunTime:0.0000s ]
NOTIC: [8] Undefined offset: 1 C:\xampp\htdocs\tp9_1\App\Home\Controller\ComController.class.php 第 23 行.

[ 2017-05-19T10:48:19+08:00 ] 218.26.243.163 /tp9_1/index.php/Home/login/index.html
INFO: [ app_init ] --START--
INFO: Run Behavior\BuildLiteBehavior [ RunTime:0.000000s ]
INFO: [ app_init ] --END-- [ RunTime:0.000000s ]
INFO: [ app_begin ] --START--
INFO: Run Behavior\ReadHtmlCacheBehavior [ RunTime:0.000000s ]
INFO: [ app_begin ] --END-- [ RunTime:0.000000s ]
SQL: SHOW COLUMNS FROM `qw_setting` [ RunTime:0.0000s ]
SQL: SELECT `k`,`v` FROM `qw_setting`  [ RunTime:0.0000s ]
NOTIC: [8] Undefined offset: 1 C:\xampp\htdocs\tp9_1\App\Home\Controller\LoginController.class.php 第 27 行.
INFO: [ view_parse ] --START--
INFO: [ template_filter ] --START--
INFO: Run Behavior\ContentReplaceBehavior [ RunTime:0.000000s ]
INFO: [ template_filter ] --END-- [ RunTime:0.000000s ]
INFO: Run Behavior\ParseTemplateBehavior [ RunTime:0.078127s ]
INFO: [ view_parse ] --END-- [ RunTime:0.078127s ]
INFO: [ view_filter ] --START--
INFO: Run Behavior\WriteHtmlCacheBehavior [ RunTime:0.015625s ]
INFO: [ view_filter ] --END-- [ RunTime:0.015625s ]
INFO: [ app_end ] --START--
INFO: Run Behavior\ShowPageTraceBehavior [ RunTime:0.015626s ]
INFO: [ app_end ] --END-- [ RunTime:0.015626s ]

[ 2017-05-19T10:48:19+08:00 ] 218.26.243.163 /tp9_1/index.php/Home/login/verify.html
INFO: [ app_init ] --START--
INFO: Run Behavior\BuildLiteBehavior [ RunTime:0.000000s ]
INFO: [ app_init ] --END-- [ RunTime:0.000000s ]
INFO: [ app_begin ] --START--
INFO: Run Behavior\ReadHtmlCacheBehavior [ RunTime:0.000000s ]
INFO: [ app_begin ] --END-- [ RunTime:0.000000s ]
SQL: SHOW COLUMNS FROM `qw_setting` [ RunTime:0.0000s ]
SQL: SELECT `k`,`v` FROM `qw_setting`  [ RunTime:0.0000s ]
INFO: [ app_end ] --START--
INFO: Run Behavior\ShowPageTraceBehavior [ RunTime:0.000000s ]
INFO: [ app_end ] --END-- [ RunTime:0.000000s ]

[ 2017-05-19T12:35:18+08:00 ] 117.136.4.173 /tp9_1/
INFO: [ app_init ] --START--
INFO: Run Behavior\BuildLiteBehavior [ RunTime:0.000000s ]
INFO: [ app_init ] --END-- [ RunTime:0.000000s ]
INFO: [ app_begin ] --START--
INFO: Run Behavior\ReadHtmlCacheBehavior [ RunTime:0.000000s ]
INFO: [ app_begin ] --END-- [ RunTime:0.000000s ]
SQL: SHOW COLUMNS FROM `qw_setting` [ RunTime:0.2656s ]
SQL: SELECT `k`,`v` FROM `qw_setting`  [ RunTime:0.0000s ]
SQL: SHOW COLUMNS FROM `qw_member` [ RunTime:0.0000s ]
SQL: SELECT `uid`,`user`,`fid`,`desc`,`identifier`,`token`,`salt` FROM `qw_member` WHERE `identifier` = '560c44b243c7a839668a4751538be7b5' LIMIT 1   [ RunTime:0.0000s ]
SQL: SELECT * FROM qw_auth_group g left join qw_auth_group_access a on g.id=a.group_id where a.uid=15 [ RunTime:0.0000s ]
SQL: SELECT * FROM `qw_member` WHERE `uid` = 15 LIMIT 1   [ RunTime:0.0000s ]
SQL: SELECT s.id,s.title,s.name,s.tips,s.pid,p.pid as ppid,p.title as ptitle FROM qw_auth_rule s left join qw_auth_rule p on p.id=s.pid where s.name='Index/index' [ RunTime:0.0000s ]
SQL: SHOW COLUMNS FROM `qw_auth_rule` [ RunTime:0.0000s ]
SQL: SELECT `id`,`title`,`pid`,`name`,`icon` FROM `qw_auth_rule` WHERE ( islink=1 AND id in (67,69,78,80,68,79,48,49,50,55)  ) ORDER BY o ASC  [ RunTime:0.0000s ]
INFO: [ view_parse ] --START--
INFO: [ template_filter ] --START--
INFO: Run Behavior\ContentReplaceBehavior [ RunTime:0.000000s ]
INFO: [ template_filter ] --END-- [ RunTime:0.000000s ]
INFO: Run Behavior\ParseTemplateBehavior [ RunTime:0.140626s ]
INFO: [ view_parse ] --END-- [ RunTime:0.140626s ]
INFO: [ view_filter ] --START--
INFO: Run Behavior\WriteHtmlCacheBehavior [ RunTime:0.000000s ]
INFO: [ view_filter ] --END-- [ RunTime:0.000000s ]
INFO: [ app_end ] --START--
INFO: Run Behavior\ShowPageTraceBehavior [ RunTime:0.000000s ]
INFO: [ app_end ] --END-- [ RunTime:0.000000s ]

[ 2017-05-19T12:48:47+08:00 ] 117.136.4.173 /tp9_1/
INFO: [ app_init ] --START--
INFO: Run Behavior\BuildLiteBehavior [ RunTime:0.000000s ]
INFO: [ app_init ] --END-- [ RunTime:0.000000s ]
INFO: [ app_begin ] --START--
INFO: Run Behavior\ReadHtmlCacheBehavior [ RunTime:0.000000s ]
INFO: [ app_begin ] --END-- [ RunTime:0.000000s ]
SQL: SHOW COLUMNS FROM `qw_setting` [ RunTime:0.0000s ]
SQL: SELECT `k`,`v` FROM `qw_setting`  [ RunTime:0.0000s ]
SQL: SHOW COLUMNS FROM `qw_member` [ RunTime:0.0000s ]
SQL: SELECT `uid`,`user`,`fid`,`desc`,`identifier`,`token`,`salt` FROM `qw_member` WHERE `identifier` = '560c44b243c7a839668a4751538be7b5' LIMIT 1   [ RunTime:0.0000s ]
SQL: SELECT * FROM qw_auth_group g left join qw_auth_group_access a on g.id=a.group_id where a.uid=15 [ RunTime:0.0000s ]
SQL: SELECT * FROM `qw_member` WHERE `uid` = 15 LIMIT 1   [ RunTime:0.0000s ]
SQL: SELECT s.id,s.title,s.name,s.tips,s.pid,p.pid as ppid,p.title as ptitle FROM qw_auth_rule s left join qw_auth_rule p on p.id=s.pid where s.name='Index/index' [ RunTime:0.0000s ]
SQL: SHOW COLUMNS FROM `qw_auth_rule` [ RunTime:0.0000s ]
SQL: SELECT `id`,`title`,`pid`,`name`,`icon` FROM `qw_auth_rule` WHERE ( islink=1 AND id in (67,69,78,80,68,79,48,49,50,55)  ) ORDER BY o ASC  [ RunTime:0.0000s ]
INFO: [ view_parse ] --START--
INFO: [ template_filter ] --START--
INFO: Run Behavior\ContentReplaceBehavior [ RunTime:0.000000s ]
INFO: [ template_filter ] --END-- [ RunTime:0.000000s ]
INFO: Run Behavior\ParseTemplateBehavior [ RunTime:0.015625s ]
INFO: [ view_parse ] --END-- [ RunTime:0.015625s ]
INFO: [ view_filter ] --START--
INFO: Run Behavior\WriteHtmlCacheBehavior [ RunTime:0.000000s ]
INFO: [ view_filter ] --END-- [ RunTime:0.000000s ]
INFO: [ app_end ] --START--
INFO: Run Behavior\ShowPageTraceBehavior [ RunTime:0.015625s ]
INFO: [ app_end ] --END-- [ RunTime:0.015625s ]

[ 2017-05-19T12:49:06+08:00 ] 117.136.4.173 /tp9_1/index.php/Home/Personal/profile.html
INFO: [ app_init ] --START--
INFO: Run Behavior\BuildLiteBehavior [ RunTime:0.000000s ]
INFO: [ app_init ] --END-- [ RunTime:0.000000s ]
INFO: [ app_begin ] --START--
INFO: Run Behavior\ReadHtmlCacheBehavior [ RunTime:0.000000s ]
INFO: [ app_begin ] --END-- [ RunTime:0.000000s ]
SQL: SHOW COLUMNS FROM `qw_setting` [ RunTime:0.0000s ]
SQL: SELECT `k`,`v` FROM `qw_setting`  [ RunTime:0.0000s ]
SQL: SHOW COLUMNS FROM `qw_member` [ RunTime:0.0000s ]
SQL: SELECT `uid`,`user`,`fid`,`desc`,`identifier`,`token`,`salt` FROM `qw_member` WHERE `identifier` = '560c44b243c7a839668a4751538be7b5' LIMIT 1   [ RunTime:0.0000s ]
SQL: SELECT * FROM qw_auth_group g left join qw_auth_group_access a on g.id=a.group_id where a.uid=15 [ RunTime:0.0000s ]
SQL: SELECT * FROM `qw_member` WHERE `uid` = 15 LIMIT 1   [ RunTime:0.0000s ]
SQL: SELECT s.id,s.title,s.name,s.tips,s.pid,p.pid as ppid,p.title as ptitle FROM qw_auth_rule s left join qw_auth_rule p on p.id=s.pid where s.name='Personal/profile' [ RunTime:0.0000s ]
SQL: SHOW COLUMNS FROM `qw_auth_rule` [ RunTime:0.0000s ]
SQL: SELECT `id`,`title`,`pid`,`name`,`icon` FROM `qw_auth_rule` WHERE ( islink=1 AND id in (67,69,78,80,68,79,48,49,50,55)  ) ORDER BY o ASC  [ RunTime:0.0000s ]
SQL: SHOW COLUMNS FROM `qw_member` [ RunTime:0.0000s ]
SQL: SELECT * FROM `qw_member` WHERE ( uid=15 ) LIMIT 1   [ RunTime:0.0000s ]
INFO: [ view_parse ] --START--
INFO: [ template_filter ] --START--
INFO: Run Behavior\ContentReplaceBehavior [ RunTime:0.000000s ]
INFO: [ template_filter ] --END-- [ RunTime:0.000000s ]
INFO: Run Behavior\ParseTemplateBehavior [ RunTime:0.093751s ]
INFO: [ view_parse ] --END-- [ RunTime:0.093751s ]
INFO: [ view_filter ] --START--
INFO: Run Behavior\WriteHtmlCacheBehavior [ RunTime:0.015625s ]
INFO: [ view_filter ] --END-- [ RunTime:0.015625s ]
INFO: [ app_end ] --START--
INFO: Run Behavior\ShowPageTraceBehavior [ RunTime:0.000000s ]
INFO: [ app_end ] --END-- [ RunTime:0.000000s ]

[ 2017-05-19T12:49:06+08:00 ] 117.136.4.173 /tp9_1/index.php/Home/Upload/uploadpic.html?Width=100&Height=100&BackCall=head&Img=/Public/attached/201612/1481257365.png
INFO: [ app_init ] --START--
INFO: Run Behavior\BuildLiteBehavior [ RunTime:0.000000s ]
INFO: [ app_init ] --END-- [ RunTime:0.000000s ]
INFO: [ app_begin ] --START--
INFO: Run Behavior\ReadHtmlCacheBehavior [ RunTime:0.000000s ]
INFO: [ app_begin ] --END-- [ RunTime:0.000000s ]
SQL: SHOW COLUMNS FROM `qw_setting` [ RunTime:0.0000s ]
SQL: SELECT `k`,`v` FROM `qw_setting`  [ RunTime:0.0000s ]
SQL: SHOW COLUMNS FROM `qw_member` [ RunTime:0.0000s ]
SQL: SELECT `uid`,`user`,`fid`,`desc`,`identifier`,`token`,`salt` FROM `qw_member` WHERE `identifier` = '560c44b243c7a839668a4751538be7b5' LIMIT 1   [ RunTime:0.0000s ]
SQL: SELECT * FROM qw_auth_group g left join qw_auth_group_access a on g.id=a.group_id where a.uid=15 [ RunTime:0.0000s ]
SQL: SELECT * FROM `qw_member` WHERE `uid` = 15 LIMIT 1   [ RunTime:0.0000s ]
SQL: SELECT s.id,s.title,s.name,s.tips,s.pid,p.pid as ppid,p.title as ptitle FROM qw_auth_rule s left join qw_auth_rule p on p.id=s.pid where s.name='Upload/uploadpic' [ RunTime:0.0000s ]
NOTIC: [8] Undefined offset: 0 C:\xampp\htdocs\tp9_1\App\Home\Controller\ComController.class.php 第 62 行.
SQL: SHOW COLUMNS FROM `qw_auth_rule` [ RunTime:0.0000s ]
SQL: SELECT `id`,`title`,`pid`,`name`,`icon` FROM `qw_auth_rule` WHERE ( islink=1 AND id in (67,69,78,80,68,79,48,49,50,55)  ) ORDER BY o ASC  [ RunTime:0.0000s ]
NOTIC: [8] Undefined index: img C:\xampp\htdocs\tp9_1\App\Home\Controller\UploadController.class.php 第 60 行.
INFO: [ view_parse ] --START--
INFO: [ template_filter ] --START--
INFO: Run Behavior\ContentReplaceBehavior [ RunTime:0.000000s ]
INFO: [ template_filter ] --END-- [ RunTime:0.000000s ]
INFO: Run Behavior\ParseTemplateBehavior [ RunTime:0.031250s ]
INFO: [ view_parse ] --END-- [ RunTime:0.031250s ]
INFO: [ view_filter ] --START--
INFO: Run Behavior\WriteHtmlCacheBehavior [ RunTime:0.000000s ]
INFO: [ view_filter ] --END-- [ RunTime:0.000000s ]
INFO: [ app_end ] --START--
INFO: Run Behavior\ShowPageTraceBehavior [ RunTime:0.000000s ]
INFO: [ app_end ] --END-- [ RunTime:0.000000s ]

[ 2017-05-19T12:51:00+08:00 ] 117.136.4.173 /tp9_1/index.php/Home/Sign/signList.html
INFO: [ app_init ] --START--
INFO: Run Behavior\BuildLiteBehavior [ RunTime:0.000000s ]
INFO: [ app_init ] --END-- [ RunTime:0.000000s ]
INFO: [ app_begin ] --START--
INFO: Run Behavior\ReadHtmlCacheBehavior [ RunTime:0.000000s ]
INFO: [ app_begin ] --END-- [ RunTime:0.000000s ]
SQL: SHOW COLUMNS FROM `qw_setting` [ RunTime:0.0000s ]
SQL: SELECT `k`,`v` FROM `qw_setting`  [ RunTime:0.0000s ]
SQL: SHOW COLUMNS FROM `qw_member` [ RunTime:0.0000s ]
SQL: SELECT `uid`,`user`,`fid`,`desc`,`identifier`,`token`,`salt` FROM `qw_member` WHERE `identifier` = '560c44b243c7a839668a4751538be7b5' LIMIT 1   [ RunTime:0.0000s ]
SQL: SELECT * FROM qw_auth_group g left join qw_auth_group_access a on g.id=a.group_id where a.uid=15 [ RunTime:0.0000s ]
SQL: SELECT * FROM `qw_member` WHERE `uid` = 15 LIMIT 1   [ RunTime:0.0000s ]
SQL: SELECT s.id,s.title,s.name,s.tips,s.pid,p.pid as ppid,p.title as ptitle FROM qw_auth_rule s left join qw_auth_rule p on p.id=s.pid where s.name='Sign/signList' [ RunTime:0.0000s ]
SQL: SHOW COLUMNS FROM `qw_auth_rule` [ RunTime:0.0000s ]
SQL: SELECT `id`,`title`,`pid`,`name`,`icon` FROM `qw_auth_rule` WHERE ( islink=1 AND id in (67,69,78,80,68,79,48,49,50,55)  ) ORDER BY o ASC  [ RunTime:0.0000s ]
SQL: SHOW COLUMNS FROM `qw_sign_list` [ RunTime:0.0000s ]
SQL: SELECT COUNT(*) AS tp_count FROM `qw_sign_list` LIMIT 1   [ RunTime:0.0000s ]
SQL: SELECT * FROM `qw_sign_list` WHERE ( uid=15 ) ORDER BY ding,id DESC LIMIT 0,15   [ RunTime:0.0000s ]
NOTIC: [8] Undefined index: pid C:\xampp\htdocs\tp9_1\App\Home\Controller\ComController.class.php 第 90 行.
NOTIC: [8] Undefined index: pid C:\xampp\htdocs\tp9_1\App\Home\Controller\ComController.class.php 第 90 行.
NOTIC: [8] Undefined index: pid C:\xampp\htdocs\tp9_1\App\Home\Controller\ComController.class.php 第 90 行.
NOTIC: [8] Undefined index: pid C:\xampp\htdocs\tp9_1\App\Home\Controller\ComController.class.php 第 90 行.
NOTIC: [8] Undefined index: pid C:\xampp\htdocs\tp9_1\App\Home\Controller\ComController.class.php 第 90 行.
NOTIC: [8] Undefined index: pid C:\xampp\htdocs\tp9_1\App\Home\Controller\ComController.class.php 第 90 行.
NOTIC: [8] Undefined index: pid C:\xampp\htdocs\tp9_1\App\Home\Controller\ComController.class.php 第 90 行.
NOTIC: [8] Undefined index: pid C:\xampp\htdocs\tp9_1\App\Home\Controller\ComController.class.php 第 90 行.
INFO: [ view_parse ] --START--
INFO: [ template_filter ] --START--
INFO: Run Behavior\ContentReplaceBehavior [ RunTime:0.000000s ]
INFO: [ template_filter ] --END-- [ RunTime:0.000000s ]
INFO: Run Behavior\ParseTemplateBehavior [ RunTime:0.046876s ]
INFO: [ view_parse ] --END-- [ RunTime:0.046876s ]
INFO: [ view_filter ] --START--
INFO: Run Behavior\WriteHtmlCacheBehavior [ RunTime:0.000000s ]
INFO: [ view_filter ] --END-- [ RunTime:0.000000s ]
INFO: [ app_end ] --START--
INFO: Run Behavior\ShowPageTraceBehavior [ RunTime:0.000000s ]
INFO: [ app_end ] --END-- [ RunTime:0.000000s ]

[ 2017-05-19T12:51:14+08:00 ] 117.136.4.173 /tp9_1/index.php/Home/Sign/looks.html?id=20
INFO: [ app_init ] --START--
INFO: Run Behavior\BuildLiteBehavior [ RunTime:0.000000s ]
INFO: [ app_init ] --END-- [ RunTime:0.000000s ]
INFO: [ app_begin ] --START--
INFO: Run Behavior\ReadHtmlCacheBehavior [ RunTime:0.000000s ]
INFO: [ app_begin ] --END-- [ RunTime:0.000000s ]
SQL: SHOW COLUMNS FROM `qw_setting` [ RunTime:0.0000s ]
SQL: SELECT `k`,`v` FROM `qw_setting`  [ RunTime:0.0000s ]
SQL: SHOW COLUMNS FROM `qw_member` [ RunTime:0.0156s ]
SQL: SELECT `uid`,`user`,`fid`,`desc`,`identifier`,`token`,`salt` FROM `qw_member` WHERE `identifier` = '560c44b243c7a839668a4751538be7b5' LIMIT 1   [ RunTime:0.0000s ]
SQL: SELECT * FROM qw_auth_group g left join qw_auth_group_access a on g.id=a.group_id where a.uid=15 [ RunTime:0.0000s ]
SQL: SELECT * FROM `qw_member` WHERE `uid` = 15 LIMIT 1   [ RunTime:0.0000s ]
SQL: SELECT s.id,s.title,s.name,s.tips,s.pid,p.pid as ppid,p.title as ptitle FROM qw_auth_rule s left join qw_auth_rule p on p.id=s.pid where s.name='Sign/looks' [ RunTime:0.0000s ]
SQL: SHOW COLUMNS FROM `qw_auth_rule` [ RunTime:0.0000s ]
SQL: SELECT `id`,`title`,`pid`,`name`,`icon` FROM `qw_auth_rule` WHERE ( islink=1 AND id in (67,69,78,80,68,79,48,49,50,55)  ) ORDER BY o ASC  [ RunTime:0.0000s ]
SQL: SHOW COLUMNS FROM `qw_sign` [ RunTime:0.0000s ]
SQL: SELECT COUNT(*) AS tp_count FROM `qw_sign` WHERE ( classid=20 AND uid=15 ) LIMIT 1   [ RunTime:0.0000s ]
SQL: SELECT * FROM `qw_sign` WHERE ( classid=20 AND uid=15 ) ORDER BY dateline asc LIMIT 0,15   [ RunTime:0.0000s ]
NOTIC: [8] Undefined index: pid C:\xampp\htdocs\tp9_1\App\Home\Controller\ComController.class.php 第 90 行.
NOTIC: [8] Undefined index: pid C:\xampp\htdocs\tp9_1\App\Home\Controller\ComController.class.php 第 90 行.
NOTIC: [8] Undefined index: pid C:\xampp\htdocs\tp9_1\App\Home\Controller\ComController.class.php 第 90 行.
NOTIC: [8] Undefined index: pid C:\xampp\htdocs\tp9_1\App\Home\Controller\ComController.class.php 第 90 行.
NOTIC: [8] Undefined index: pid C:\xampp\htdocs\tp9_1\App\Home\Controller\ComController.class.php 第 90 行.
NOTIC: [8] Undefined index: pid C:\xampp\htdocs\tp9_1\App\Home\Controller\ComController.class.php 第 90 行.
NOTIC: [8] Undefined index: pid C:\xampp\htdocs\tp9_1\App\Home\Controller\ComController.class.php 第 90 行.
NOTIC: [8] Undefined index: pid C:\xampp\htdocs\tp9_1\App\Home\Controller\ComController.class.php 第 90 行.
NOTIC: [8] Undefined index: pid C:\xampp\htdocs\tp9_1\App\Home\Controller\ComController.class.php 第 90 行.
NOTIC: [8] Undefined index: pid C:\xampp\htdocs\tp9_1\App\Home\Controller\ComController.class.php 第 90 行.
NOTIC: [8] Undefined index: pid C:\xampp\htdocs\tp9_1\App\Home\Controller\ComController.class.php 第 90 行.
NOTIC: [8] Undefined index: pid C:\xampp\htdocs\tp9_1\App\Home\Controller\ComController.class.php 第 90 行.
NOTIC: [8] Undefined index: pid C:\xampp\htdocs\tp9_1\App\Home\Controller\ComController.class.php 第 90 行.
NOTIC: [8] Undefined index: pid C:\xampp\htdocs\tp9_1\App\Home\Controller\ComController.class.php 第 90 行.
NOTIC: [8] Undefined index: pid C:\xampp\htdocs\tp9_1\App\Home\Controller\ComController.class.php 第 90 行.
INFO: [ view_parse ] --START--
INFO: [ template_filter ] --START--
INFO: Run Behavior\ContentReplaceBehavior [ RunTime:0.000000s ]
INFO: [ template_filter ] --END-- [ RunTime:0.000000s ]
INFO: Run Behavior\ParseTemplateBehavior [ RunTime:0.046875s ]
INFO: [ view_parse ] --END-- [ RunTime:0.046875s ]
INFO: [ view_filter ] --START--
INFO: Run Behavior\WriteHtmlCacheBehavior [ RunTime:0.000000s ]
INFO: [ view_filter ] --END-- [ RunTime:0.000000s ]
INFO: [ app_end ] --START--
INFO: Run Behavior\ShowPageTraceBehavior [ RunTime:0.000000s ]
INFO: [ app_end ] --END-- [ RunTime:0.000000s ]

[ 2017-05-19T12:51:16+08:00 ] 117.136.4.173 /tp9_1/index.php/Home/Sign/add.html
INFO: [ app_init ] --START--
INFO: Run Behavior\BuildLiteBehavior [ RunTime:0.000000s ]
INFO: [ app_init ] --END-- [ RunTime:0.000000s ]
INFO: [ app_begin ] --START--
INFO: Run Behavior\ReadHtmlCacheBehavior [ RunTime:0.000000s ]
INFO: [ app_begin ] --END-- [ RunTime:0.000000s ]
SQL: SHOW COLUMNS FROM `qw_setting` [ RunTime:0.0000s ]
SQL: SELECT `k`,`v` FROM `qw_setting`  [ RunTime:0.0000s ]
SQL: SHOW COLUMNS FROM `qw_member` [ RunTime:0.0000s ]
SQL: SELECT `uid`,`user`,`fid`,`desc`,`identifier`,`token`,`salt` FROM `qw_member` WHERE `identifier` = '560c44b243c7a839668a4751538be7b5' LIMIT 1   [ RunTime:0.0000s ]
SQL: SELECT * FROM qw_auth_group g left join qw_auth_group_access a on g.id=a.group_id where a.uid=15 [ RunTime:0.0000s ]
SQL: SELECT * FROM `qw_member` WHERE `uid` = 15 LIMIT 1   [ RunTime:0.0000s ]
SQL: SELECT s.id,s.title,s.name,s.tips,s.pid,p.pid as ppid,p.title as ptitle FROM qw_auth_rule s left join qw_auth_rule p on p.id=s.pid where s.name='Sign/add' [ RunTime:0.0000s ]
SQL: SHOW COLUMNS FROM `qw_auth_rule` [ RunTime:0.0000s ]
SQL: SELECT `id`,`title`,`pid`,`name`,`icon` FROM `qw_auth_rule` WHERE ( islink=1 AND id in (67,69,78,80,68,79,48,49,50,55)  ) ORDER BY o ASC  [ RunTime:0.0000s ]
SQL: SHOW COLUMNS FROM `qw_sign_user` [ RunTime:0.0000s ]
SQL: SELECT * FROM `qw_sign_user` WHERE `display` = 1  [ RunTime:0.0000s ]
INFO: [ view_parse ] --START--
INFO: [ template_filter ] --START--
INFO: Run Behavior\ContentReplaceBehavior [ RunTime:0.000000s ]
INFO: [ template_filter ] --END-- [ RunTime:0.000000s ]
INFO: Run Behavior\ParseTemplateBehavior [ RunTime:0.062500s ]
INFO: [ view_parse ] --END-- [ RunTime:0.062500s ]
INFO: [ view_filter ] --START--
INFO: Run Behavior\WriteHtmlCacheBehavior [ RunTime:0.000000s ]
INFO: [ view_filter ] --END-- [ RunTime:0.000000s ]
INFO: [ app_end ] --START--
INFO: Run Behavior\ShowPageTraceBehavior [ RunTime:0.000000s ]
INFO: [ app_end ] --END-- [ RunTime:0.000000s ]

[ 2017-05-19T16:42:52+08:00 ] 42.156.136.51 /tp9_1/index.php/Home/mobile/view.html?id=10
INFO: [ app_init ] --START--
INFO: Run Behavior\BuildLiteBehavior [ RunTime:0.000000s ]
INFO: [ app_init ] --END-- [ RunTime:0.015626s ]
INFO: [ app_begin ] --START--
INFO: Run Behavior\ReadHtmlCacheBehavior [ RunTime:0.187505s ]
INFO: [ app_begin ] --END-- [ RunTime:0.187505s ]
SQL: SHOW COLUMNS FROM `qw_sign_list` [ RunTime:0.0000s ]
SQL: SELECT * FROM `qw_sign_list` WHERE `id` = 10 LIMIT 1   [ RunTime:0.0000s ]
SQL: SHOW COLUMNS FROM `qw_sign` [ RunTime:0.0000s ]
SQL: SELECT * FROM `qw_sign` WHERE `classid` = 10 ORDER BY id DESC  [ RunTime:0.0000s ]
INFO: [ view_parse ] --START--
INFO: [ template_filter ] --START--
INFO: Run Behavior\ContentReplaceBehavior [ RunTime:0.000000s ]
INFO: [ template_filter ] --END-- [ RunTime:0.000000s ]
NOTIC: [8] Use of undefined constant xdnum - assumed 'xdnum' C:\xampp\htdocs\tp9_1\App\Runtime\Cache\Home\189023a38342194d72490688710c42d7.php 第 38 行.
NOTIC: [8] Use of undefined constant ybnum - assumed 'ybnum' C:\xampp\htdocs\tp9_1\App\Runtime\Cache\Home\189023a38342194d72490688710c42d7.php 第 38 行.
NOTIC: [8] Use of undefined constant ybnum - assumed 'ybnum' C:\xampp\htdocs\tp9_1\App\Runtime\Cache\Home\189023a38342194d72490688710c42d7.php 第 45 行.
NOTIC: [8] Use of undefined constant content - assumed 'content' C:\xampp\htdocs\tp9_1\App\Runtime\Cache\Home\189023a38342194d72490688710c42d7.php 第 52 行.
NOTIC: [8] Use of undefined constant ybnum - assumed 'ybnum' C:\xampp\htdocs\tp9_1\App\Runtime\Cache\Home\189023a38342194d72490688710c42d7.php 第 67 行.
INFO: Run Behavior\ParseTemplateBehavior [ RunTime:0.062502s ]
INFO: [ view_parse ] --END-- [ RunTime:0.062502s ]
INFO: [ view_filter ] --START--
INFO: Run Behavior\WriteHtmlCacheBehavior [ RunTime:0.000000s ]
INFO: [ view_filter ] --END-- [ RunTime:0.000000s ]
INFO: [ app_end ] --START--
INFO: Run Behavior\ShowPageTraceBehavior [ RunTime:0.031251s ]
INFO: [ app_end ] --END-- [ RunTime:0.031251s ]

[ 2017-05-19T17:19:28+08:00 ] 117.136.4.103 /tp9_1/index.php/Home/mobile/index.html?uid=14
INFO: [ app_init ] --START--
INFO: Run Behavior\BuildLiteBehavior [ RunTime:0.000000s ]
INFO: [ app_init ] --END-- [ RunTime:0.000000s ]
INFO: [ app_begin ] --START--
INFO: Run Behavior\ReadHtmlCacheBehavior [ RunTime:0.000000s ]
INFO: [ app_begin ] --END-- [ RunTime:0.000000s ]
SQL: SHOW COLUMNS FROM `qw_sign_list` [ RunTime:0.0000s ]
SQL: SELECT * FROM `qw_sign_list` WHERE `uid` = 14 ORDER BY ding,id DESC  [ RunTime:0.0000s ]
INFO: [ view_parse ] --START--
INFO: [ template_filter ] --START--
INFO: Run Behavior\ContentReplaceBehavior [ RunTime:0.000000s ]
INFO: [ template_filter ] --END-- [ RunTime:0.000000s ]
INFO: Run Behavior\ParseTemplateBehavior [ RunTime:0.015626s ]
INFO: [ view_parse ] --END-- [ RunTime:0.015626s ]
INFO: [ view_filter ] --START--
INFO: Run Behavior\WriteHtmlCacheBehavior [ RunTime:0.000000s ]
INFO: [ view_filter ] --END-- [ RunTime:0.000000s ]
INFO: [ app_end ] --START--
INFO: Run Behavior\ShowPageTraceBehavior [ RunTime:0.015625s ]
INFO: [ app_end ] --END-- [ RunTime:0.015625s ]

[ 2017-05-19T17:19:41+08:00 ] 101.226.33.225 /tp9_1/index.php/Home/mobile/index.html?uid=14
INFO: [ app_init ] --START--
INFO: Run Behavior\BuildLiteBehavior [ RunTime:0.000000s ]
INFO: [ app_init ] --END-- [ RunTime:0.000000s ]
INFO: [ app_begin ] --START--
INFO: Run Behavior\ReadHtmlCacheBehavior [ RunTime:0.015625s ]
INFO: [ app_begin ] --END-- [ RunTime:0.015625s ]
SQL: SHOW COLUMNS FROM `qw_sign_list` [ RunTime:0.0000s ]
SQL: SELECT * FROM `qw_sign_list` WHERE `uid` = 14 ORDER BY ding,id DESC  [ RunTime:0.0000s ]
INFO: [ view_parse ] --START--
INFO: [ template_filter ] --START--
INFO: Run Behavior\ContentReplaceBehavior [ RunTime:0.000000s ]
INFO: [ template_filter ] --END-- [ RunTime:0.000000s ]
INFO: Run Behavior\ParseTemplateBehavior [ RunTime:0.015625s ]
INFO: [ view_parse ] --END-- [ RunTime:0.015625s ]
INFO: [ view_filter ] --START--
INFO: Run Behavior\WriteHtmlCacheBehavior [ RunTime:0.000000s ]
INFO: [ view_filter ] --END-- [ RunTime:0.000000s ]
INFO: [ app_end ] --START--
INFO: Run Behavior\ShowPageTraceBehavior [ RunTime:0.000000s ]
INFO: [ app_end ] --END-- [ RunTime:0.000000s ]

