[ 2017-12-05T00:37:27+08:00 ] 106.11.158.210 /tp9_1/index.php/Home/mobile/view.html?id=20
INFO: [ app_init ] --START--
INFO: Run Behavior\BuildLiteBehavior [ RunTime:0.000000s ]
INFO: [ app_init ] --END-- [ RunTime:0.000000s ]
INFO: [ app_begin ] --START--
INFO: Run Behavior\ReadHtmlCacheBehavior [ RunTime:0.000000s ]
INFO: [ app_begin ] --END-- [ RunTime:0.000000s ]
SQL: SHOW COLUMNS FROM `qw_sign_list` [ RunTime:0.0000s ]
SQL: SELECT * FROM `qw_sign_list` WHERE `id` = 20 LIMIT 1   [ RunTime:0.0000s ]
SQL: SHOW COLUMNS FROM `qw_sign` [ RunTime:0.0156s ]
SQL: SELECT * FROM `qw_sign` WHERE `classid` = 20 ORDER BY id DESC  [ RunTime:0.0000s ]
INFO: [ view_parse ] --START--
INFO: [ template_filter ] --START--
INFO: Run Behavior\ContentReplaceBehavior [ RunTime:0.000000s ]
INFO: [ template_filter ] --END-- [ RunTime:0.000000s ]
NOTIC: [8] Use of undefined constant xdnum - assumed 'xdnum' C:\xampp\htdocs\tp9_1\App\Runtime\Cache\Home\189023a38342194d72490688710c42d7.php 第 38 行.
NOTIC: [8] Use of undefined constant ybnum - assumed 'ybnum' C:\xampp\htdocs\tp9_1\App\Runtime\Cache\Home\189023a38342194d72490688710c42d7.php 第 38 行.
NOTIC: [8] Use of undefined constant xdnum - assumed 'xdnum' C:\xampp\htdocs\tp9_1\App\Runtime\Cache\Home\189023a38342194d72490688710c42d7.php 第 38 行.
NOTIC: [8] Use of undefined constant ybnum - assumed 'ybnum' C:\xampp\htdocs\tp9_1\App\Runtime\Cache\Home\189023a38342194d72490688710c42d7.php 第 38 行.
NOTIC: [8] Use of undefined constant ybnum - assumed 'ybnum' C:\xampp\htdocs\tp9_1\App\Runtime\Cache\Home\189023a38342194d72490688710c42d7.php 第 45 行.
NOTIC: [8] Use of undefined constant content - assumed 'content' C:\xampp\htdocs\tp9_1\App\Runtime\Cache\Home\189023a38342194d72490688710c42d7.php 第 52 行.
NOTIC: [8] Use of undefined constant ybnum - assumed 'ybnum' C:\xampp\htdocs\tp9_1\App\Runtime\Cache\Home\189023a38342194d72490688710c42d7.php 第 67 行.
INFO: Run Behavior\ParseTemplateBehavior [ RunTime:0.015625s ]
INFO: [ view_parse ] --END-- [ RunTime:0.015625s ]
INFO: [ view_filter ] --START--
INFO: Run Behavior\WriteHtmlCacheBehavior [ RunTime:0.000000s ]
INFO: [ view_filter ] --END-- [ RunTime:0.000000s ]
INFO: [ app_end ] --START--
INFO: Run Behavior\ShowPageTraceBehavior [ RunTime:0.000000s ]
INFO: [ app_end ] --END-- [ RunTime:0.000000s ]

[ 2017-12-05T08:40:29+08:00 ] 52.43.220.85 /tp9_1/
INFO: [ app_init ] --START--
INFO: Run Behavior\BuildLiteBehavior [ RunTime:0.000000s ]
INFO: [ app_init ] --END-- [ RunTime:0.000000s ]
INFO: [ app_begin ] --START--
INFO: Run Behavior\ReadHtmlCacheBehavior [ RunTime:0.000000s ]
INFO: [ app_begin ] --END-- [ RunTime:0.000000s ]
SQL: SHOW COLUMNS FROM `qw_setting` [ RunTime:0.0000s ]
SQL: SELECT `k`,`v` FROM `qw_setting`  [ RunTime:0.0000s ]
NOTIC: [8] Undefined offset: 1 C:\xampp\htdocs\tp9_1\App\Home\Controller\ComController.class.php 第 23 行.

[ 2017-12-05T08:40:29+08:00 ] 52.43.220.85 /tp9_1/index.php/Home/login/index.html
INFO: [ app_init ] --START--
INFO: Run Behavior\BuildLiteBehavior [ RunTime:0.000000s ]
INFO: [ app_init ] --END-- [ RunTime:0.000000s ]
INFO: [ app_begin ] --START--
INFO: Run Behavior\ReadHtmlCacheBehavior [ RunTime:0.000000s ]
INFO: [ app_begin ] --END-- [ RunTime:0.000000s ]
SQL: SHOW COLUMNS FROM `qw_setting` [ RunTime:0.0000s ]
SQL: SELECT `k`,`v` FROM `qw_setting`  [ RunTime:0.0000s ]
NOTIC: [8] Undefined offset: 1 C:\xampp\htdocs\tp9_1\App\Home\Controller\LoginController.class.php 第 27 行.
INFO: [ view_parse ] --START--
INFO: [ template_filter ] --START--
INFO: Run Behavior\ContentReplaceBehavior [ RunTime:0.000000s ]
INFO: [ template_filter ] --END-- [ RunTime:0.000000s ]
INFO: Run Behavior\ParseTemplateBehavior [ RunTime:0.015625s ]
INFO: [ view_parse ] --END-- [ RunTime:0.015625s ]
INFO: [ view_filter ] --START--
INFO: Run Behavior\WriteHtmlCacheBehavior [ RunTime:0.000000s ]
INFO: [ view_filter ] --END-- [ RunTime:0.000000s ]
INFO: [ app_end ] --START--
INFO: Run Behavior\ShowPageTraceBehavior [ RunTime:0.000000s ]
INFO: [ app_end ] --END-- [ RunTime:0.000000s ]

[ 2017-12-05T16:15:26+08:00 ] 106.11.158.210 /tp9_1/index.php/Home/mobile/view.html?id=17
INFO: [ app_init ] --START--
INFO: Run Behavior\BuildLiteBehavior [ RunTime:0.000000s ]
INFO: [ app_init ] --END-- [ RunTime:0.000000s ]
INFO: [ app_begin ] --START--
INFO: Run Behavior\ReadHtmlCacheBehavior [ RunTime:0.000000s ]
INFO: [ app_begin ] --END-- [ RunTime:0.000000s ]
SQL: SHOW COLUMNS FROM `qw_sign_list` [ RunTime:0.0000s ]
SQL: SELECT * FROM `qw_sign_list` WHERE `id` = 17 LIMIT 1   [ RunTime:0.0000s ]
SQL: SHOW COLUMNS FROM `qw_sign` [ RunTime:0.0000s ]
SQL: SELECT * FROM `qw_sign` WHERE `classid` = 17 ORDER BY id DESC  [ RunTime:0.0000s ]
INFO: [ view_parse ] --START--
INFO: [ template_filter ] --START--
INFO: Run Behavior\ContentReplaceBehavior [ RunTime:0.000000s ]
INFO: [ template_filter ] --END-- [ RunTime:0.000000s ]
NOTIC: [8] Use of undefined constant xdnum - assumed 'xdnum' C:\xampp\htdocs\tp9_1\App\Runtime\Cache\Home\189023a38342194d72490688710c42d7.php 第 38 行.
NOTIC: [8] Use of undefined constant ybnum - assumed 'ybnum' C:\xampp\htdocs\tp9_1\App\Runtime\Cache\Home\189023a38342194d72490688710c42d7.php 第 38 行.
NOTIC: [8] Use of undefined constant xdnum - assumed 'xdnum' C:\xampp\htdocs\tp9_1\App\Runtime\Cache\Home\189023a38342194d72490688710c42d7.php 第 38 行.
NOTIC: [8] Use of undefined constant ybnum - assumed 'ybnum' C:\xampp\htdocs\tp9_1\App\Runtime\Cache\Home\189023a38342194d72490688710c42d7.php 第 38 行.
NOTIC: [8] Use of undefined constant ybnum - assumed 'ybnum' C:\xampp\htdocs\tp9_1\App\Runtime\Cache\Home\189023a38342194d72490688710c42d7.php 第 45 行.
NOTIC: [8] Use of undefined constant content - assumed 'content' C:\xampp\htdocs\tp9_1\App\Runtime\Cache\Home\189023a38342194d72490688710c42d7.php 第 52 行.
NOTIC: [8] Use of undefined constant ybnum - assumed 'ybnum' C:\xampp\htdocs\tp9_1\App\Runtime\Cache\Home\189023a38342194d72490688710c42d7.php 第 67 行.
INFO: Run Behavior\ParseTemplateBehavior [ RunTime:0.015625s ]
INFO: [ view_parse ] --END-- [ RunTime:0.015625s ]
INFO: [ view_filter ] --START--
INFO: Run Behavior\WriteHtmlCacheBehavior [ RunTime:0.000000s ]
INFO: [ view_filter ] --END-- [ RunTime:0.000000s ]
INFO: [ app_end ] --START--
INFO: Run Behavior\ShowPageTraceBehavior [ RunTime:0.000000s ]
INFO: [ app_end ] --END-- [ RunTime:0.000000s ]

[ 2017-12-05T23:14:47+08:00 ] 106.11.158.210 /tp9_1/index.php/Home/mobile/view.html?id=19
INFO: [ app_init ] --START--
INFO: Run Behavior\BuildLiteBehavior [ RunTime:0.000000s ]
INFO: [ app_init ] --END-- [ RunTime:0.000000s ]
INFO: [ app_begin ] --START--
INFO: Run Behavior\ReadHtmlCacheBehavior [ RunTime:0.000000s ]
INFO: [ app_begin ] --END-- [ RunTime:0.000000s ]
SQL: SHOW COLUMNS FROM `qw_sign_list` [ RunTime:0.0000s ]
SQL: SELECT * FROM `qw_sign_list` WHERE `id` = 19 LIMIT 1   [ RunTime:0.0156s ]
SQL: SHOW COLUMNS FROM `qw_sign` [ RunTime:0.0000s ]
SQL: SELECT * FROM `qw_sign` WHERE `classid` = 19 ORDER BY id DESC  [ RunTime:0.0000s ]
INFO: [ view_parse ] --START--
INFO: [ template_filter ] --START--
INFO: Run Behavior\ContentReplaceBehavior [ RunTime:0.000000s ]
INFO: [ template_filter ] --END-- [ RunTime:0.000000s ]
NOTIC: [8] Use of undefined constant xdnum - assumed 'xdnum' C:\xampp\htdocs\tp9_1\App\Runtime\Cache\Home\189023a38342194d72490688710c42d7.php 第 38 行.
NOTIC: [8] Use of undefined constant ybnum - assumed 'ybnum' C:\xampp\htdocs\tp9_1\App\Runtime\Cache\Home\189023a38342194d72490688710c42d7.php 第 38 行.
NOTIC: [8] Use of undefined constant xdnum - assumed 'xdnum' C:\xampp\htdocs\tp9_1\App\Runtime\Cache\Home\189023a38342194d72490688710c42d7.php 第 38 行.
NOTIC: [8] Use of undefined constant ybnum - assumed 'ybnum' C:\xampp\htdocs\tp9_1\App\Runtime\Cache\Home\189023a38342194d72490688710c42d7.php 第 38 行.
NOTIC: [8] Use of undefined constant ybnum - assumed 'ybnum' C:\xampp\htdocs\tp9_1\App\Runtime\Cache\Home\189023a38342194d72490688710c42d7.php 第 45 行.
NOTIC: [8] Use of undefined constant content - assumed 'content' C:\xampp\htdocs\tp9_1\App\Runtime\Cache\Home\189023a38342194d72490688710c42d7.php 第 52 行.
NOTIC: [8] Use of undefined constant ybnum - assumed 'ybnum' C:\xampp\htdocs\tp9_1\App\Runtime\Cache\Home\189023a38342194d72490688710c42d7.php 第 67 行.
INFO: Run Behavior\ParseTemplateBehavior [ RunTime:0.000000s ]
INFO: [ view_parse ] --END-- [ RunTime:0.000000s ]
INFO: [ view_filter ] --START--
INFO: Run Behavior\WriteHtmlCacheBehavior [ RunTime:0.015625s ]
INFO: [ view_filter ] --END-- [ RunTime:0.015625s ]
INFO: [ app_end ] --START--
INFO: Run Behavior\ShowPageTraceBehavior [ RunTime:0.000000s ]
INFO: [ app_end ] --END-- [ RunTime:0.000000s ]

