[ 2016-09-29T14:05:11+08:00 ] ::1 /tp9_1/index.php/Qwadmin/Message/del.html?mids=2
ERR: SQLSTATE[42000]: Syntax error or access violation: 1064 You have an error in your SQL syntax; check the manual that corresponds to your MariaDB server version for the right syntax to use near ')' at line 1

[ 2016-09-29T15:29:12+08:00 ] ::1 /tp9_1/index.php/Qwadmin/Category/update/act/order.html
INFO: [ app_begin ] --START--
INFO: Run Behavior\ReadHtmlCacheBehavior [ RunTime:0.002000s ]
INFO: [ app_begin ] --END-- [ RunTime:0.003000s ]
SQL: SHOW COLUMNS FROM `qw_setting` [ RunTime:0.0000s ]
SQL: SELECT `k`,`v` FROM `qw_setting`  [ RunTime:0.0000s ]
SQL: SHOW COLUMNS FROM `qw_member` [ RunTime:0.0000s ]
SQL: SELECT `uid`,`user`,`identifier`,`token`,`salt` FROM `qw_member` WHERE `identifier` = '7b28a001fc7cc38aa16a5d9351bfa749' LIMIT 1   [ RunTime:0.0000s ]
SQL: SELECT * FROM qw_auth_group g left join qw_auth_group_access a on g.id=a.group_id where a.uid=1 [ RunTime:0.0000s ]
SQL: SHOW COLUMNS FROM `qw_member` [ RunTime:0.0000s ]
SQL: SELECT * FROM `qw_member` WHERE `uid` = 1 LIMIT 1   [ RunTime:0.0000s ]
SQL: SELECT s.id,s.title,s.name,s.tips,s.pid,p.pid as ppid,p.title as ptitle FROM qw_auth_rule s left join qw_auth_rule p on p.id=s.pid where s.name='Category/update' [ RunTime:0.0000s ]
SQL: SHOW COLUMNS FROM `qw_auth_rule` [ RunTime:0.0000s ]
SQL: SELECT `id`,`title`,`pid`,`name`,`icon` FROM `qw_auth_rule` WHERE ( islink=1 AND id in (1,2,58,62,61,60,59,3,56,4,6,5,7,8,9,10,51,52,53,57,11,54,12,81,82,83,13,14,15,16,17,18,19,20,21,22,23,24,25,26,27,29,30,31,32,33,34,36,37,38,39,40,41,42,43,44,45,46,47,63,48,49,50,55)  ) ORDER BY o ASC  [ RunTime:0.0000s ]
SQL: SHOW COLUMNS FROM `qw_category` [ RunTime:0.0100s ]
SQL: UPDATE `qw_category` SET `o`='1' WHERE ( id='37' ) [ RunTime:0.0000s ]
SQL: SHOW COLUMNS FROM `qw_log` [ RunTime:0.0000s ]
SQL: SELECT `user` FROM `qw_member` WHERE `identifier` = '7b28a001fc7cc38aa16a5d9351bfa749' LIMIT 1   [ RunTime:0.0000s ]
SQL: INSERT INTO `qw_log` (`name`,`t`,`ip`,`log`) VALUES ('admin','1475134152','::1','分类修改排序，ID：37') [ RunTime:0.0000s ]

[ 2016-09-29T15:37:23+08:00 ] ::1 /tp9_1/index.php/Qwadmin/Category/update/act/order.html
INFO: [ app_begin ] --START--
INFO: Run Behavior\ReadHtmlCacheBehavior [ RunTime:0.003000s ]
INFO: [ app_begin ] --END-- [ RunTime:0.003000s ]
SQL: SHOW COLUMNS FROM `qw_setting` [ RunTime:0.0040s ]
SQL: SELECT `k`,`v` FROM `qw_setting`  [ RunTime:0.0000s ]
SQL: SHOW COLUMNS FROM `qw_member` [ RunTime:0.0030s ]
SQL: SELECT `uid`,`user`,`identifier`,`token`,`salt` FROM `qw_member` WHERE `identifier` = '7b28a001fc7cc38aa16a5d9351bfa749' LIMIT 1   [ RunTime:0.0010s ]
SQL: SELECT * FROM qw_auth_group g left join qw_auth_group_access a on g.id=a.group_id where a.uid=1 [ RunTime:0.0000s ]
SQL: SHOW COLUMNS FROM `qw_member` [ RunTime:0.0030s ]
SQL: SELECT * FROM `qw_member` WHERE `uid` = 1 LIMIT 1   [ RunTime:0.0000s ]
SQL: SELECT s.id,s.title,s.name,s.tips,s.pid,p.pid as ppid,p.title as ptitle FROM qw_auth_rule s left join qw_auth_rule p on p.id=s.pid where s.name='Category/update' [ RunTime:0.0010s ]
SQL: SHOW COLUMNS FROM `qw_auth_rule` [ RunTime:0.0030s ]
SQL: SELECT `id`,`title`,`pid`,`name`,`icon` FROM `qw_auth_rule` WHERE ( islink=1 AND id in (1,2,58,62,61,60,59,3,56,4,6,5,7,8,9,10,51,52,53,57,11,54,12,81,82,83,13,14,15,16,17,18,19,20,21,22,23,24,25,26,27,29,30,31,32,33,34,36,37,38,39,40,41,42,43,44,45,46,47,63,48,49,50,55)  ) ORDER BY o ASC  [ RunTime:0.0010s ]
SQL: SHOW COLUMNS FROM `qw_category` [ RunTime:0.0020s ]
SQL: UPDATE `qw_category` SET `o`='1' WHERE ( id='36' ) [ RunTime:0.0000s ]
SQL: SHOW COLUMNS FROM `qw_log` [ RunTime:0.0020s ]
SQL: SELECT `user` FROM `qw_member` WHERE `identifier` = '7b28a001fc7cc38aa16a5d9351bfa749' LIMIT 1   [ RunTime:0.0000s ]
SQL: INSERT INTO `qw_log` (`name`,`t`,`ip`,`log`) VALUES ('admin','1475134643','::1','分类修改排序，ID：36') [ RunTime:0.0000s ]

[ 2016-09-29T15:40:13+08:00 ] ::1 /tp9_1/index.php/Qwadmin/Category/del.html?id=38
INFO: [ app_begin ] --START--
INFO: Run Behavior\ReadHtmlCacheBehavior [ RunTime:0.002000s ]
INFO: [ app_begin ] --END-- [ RunTime:0.003001s ]
SQL: SHOW COLUMNS FROM `qw_setting` [ RunTime:0.0030s ]
SQL: SELECT `k`,`v` FROM `qw_setting`  [ RunTime:0.0010s ]
SQL: SHOW COLUMNS FROM `qw_member` [ RunTime:0.0080s ]
SQL: SELECT `uid`,`user`,`identifier`,`token`,`salt` FROM `qw_member` WHERE `identifier` = '7b28a001fc7cc38aa16a5d9351bfa749' LIMIT 1   [ RunTime:0.0010s ]
SQL: SELECT * FROM qw_auth_group g left join qw_auth_group_access a on g.id=a.group_id where a.uid=1 [ RunTime:0.0010s ]
SQL: SHOW COLUMNS FROM `qw_member` [ RunTime:0.0040s ]
SQL: SELECT * FROM `qw_member` WHERE `uid` = 1 LIMIT 1   [ RunTime:0.0010s ]
SQL: SELECT s.id,s.title,s.name,s.tips,s.pid,p.pid as ppid,p.title as ptitle FROM qw_auth_rule s left join qw_auth_rule p on p.id=s.pid where s.name='Category/del' [ RunTime:0.0000s ]
SQL: SHOW COLUMNS FROM `qw_auth_rule` [ RunTime:0.0030s ]
SQL: SELECT `id`,`title`,`pid`,`name`,`icon` FROM `qw_auth_rule` WHERE ( islink=1 AND id in (1,2,58,62,61,60,59,3,56,4,6,5,7,8,9,10,51,52,53,57,11,54,12,81,82,83,13,14,15,16,17,18,19,20,21,22,23,24,25,26,27,29,30,31,32,33,34,36,37,38,39,40,41,42,43,44,45,46,47,63,48,49,50,55)  ) ORDER BY o ASC  [ RunTime:0.0020s ]
SQL: SHOW COLUMNS FROM `qw_category` [ RunTime:0.0100s ]
SQL: SELECT COUNT(*) AS tp_count FROM `qw_category` WHERE ( pid=38 ) LIMIT 1   [ RunTime:0.0000s ]
SQL: DELETE FROM `qw_category` WHERE ( id=38 ) [ RunTime:0.0000s ]
SQL: SHOW COLUMNS FROM `qw_log` [ RunTime:0.0020s ]
SQL: SELECT `user` FROM `qw_member` WHERE `identifier` = '7b28a001fc7cc38aa16a5d9351bfa749' LIMIT 1   [ RunTime:0.0000s ]
SQL: INSERT INTO `qw_log` (`name`,`t`,`ip`,`log`) VALUES ('admin','1475134813','::1','删除分类，ID：38') [ RunTime:0.0000s ]

[ 2016-09-29T15:41:18+08:00 ] ::1 /tp9_1/index.php/Qwadmin/Category/update/act/order.html
INFO: [ app_begin ] --START--
INFO: Run Behavior\ReadHtmlCacheBehavior [ RunTime:0.002000s ]
INFO: [ app_begin ] --END-- [ RunTime:0.003000s ]
SQL: SHOW COLUMNS FROM `qw_setting` [ RunTime:0.0030s ]
SQL: SELECT `k`,`v` FROM `qw_setting`  [ RunTime:0.0000s ]
SQL: SHOW COLUMNS FROM `qw_member` [ RunTime:0.0030s ]
SQL: SELECT `uid`,`user`,`identifier`,`token`,`salt` FROM `qw_member` WHERE `identifier` = '7b28a001fc7cc38aa16a5d9351bfa749' LIMIT 1   [ RunTime:0.0010s ]
SQL: SELECT * FROM qw_auth_group g left join qw_auth_group_access a on g.id=a.group_id where a.uid=1 [ RunTime:0.0000s ]
SQL: SHOW COLUMNS FROM `qw_member` [ RunTime:0.0030s ]
SQL: SELECT * FROM `qw_member` WHERE `uid` = 1 LIMIT 1   [ RunTime:0.0010s ]
SQL: SELECT s.id,s.title,s.name,s.tips,s.pid,p.pid as ppid,p.title as ptitle FROM qw_auth_rule s left join qw_auth_rule p on p.id=s.pid where s.name='Category/update' [ RunTime:0.0000s ]
SQL: SHOW COLUMNS FROM `qw_auth_rule` [ RunTime:0.0040s ]
SQL: SELECT `id`,`title`,`pid`,`name`,`icon` FROM `qw_auth_rule` WHERE ( islink=1 AND id in (1,2,58,62,61,60,59,3,56,4,6,5,7,8,9,10,51,52,53,57,11,54,12,81,82,83,13,14,15,16,17,18,19,20,21,22,23,24,25,26,27,29,30,31,32,33,34,36,37,38,39,40,41,42,43,44,45,46,47,63,48,49,50,55)  ) ORDER BY o ASC  [ RunTime:0.0010s ]
SQL: SHOW COLUMNS FROM `qw_category` [ RunTime:0.0030s ]
SQL: UPDATE `qw_category` SET `o`='7' WHERE ( id='43' ) [ RunTime:0.0000s ]
SQL: SHOW COLUMNS FROM `qw_log` [ RunTime:0.0020s ]
SQL: SELECT `user` FROM `qw_member` WHERE `identifier` = '7b28a001fc7cc38aa16a5d9351bfa749' LIMIT 1   [ RunTime:0.0010s ]
SQL: INSERT INTO `qw_log` (`name`,`t`,`ip`,`log`) VALUES ('admin','1475134878','::1','分类修改排序，ID：43') [ RunTime:0.0000s ]

[ 2016-09-29T15:42:15+08:00 ] ::1 /tp9_1/index.php/Qwadmin/Category/update/act/order.html
INFO: [ app_begin ] --START--
INFO: Run Behavior\ReadHtmlCacheBehavior [ RunTime:0.002000s ]
INFO: [ app_begin ] --END-- [ RunTime:0.003000s ]
SQL: SHOW COLUMNS FROM `qw_setting` [ RunTime:0.0030s ]
SQL: SELECT `k`,`v` FROM `qw_setting`  [ RunTime:0.0000s ]
SQL: SHOW COLUMNS FROM `qw_member` [ RunTime:0.0040s ]
SQL: SELECT `uid`,`user`,`identifier`,`token`,`salt` FROM `qw_member` WHERE `identifier` = '7b28a001fc7cc38aa16a5d9351bfa749' LIMIT 1   [ RunTime:0.0010s ]
SQL: SELECT * FROM qw_auth_group g left join qw_auth_group_access a on g.id=a.group_id where a.uid=1 [ RunTime:0.0000s ]
SQL: SHOW COLUMNS FROM `qw_member` [ RunTime:0.0030s ]
SQL: SELECT * FROM `qw_member` WHERE `uid` = 1 LIMIT 1   [ RunTime:0.0010s ]
SQL: SELECT s.id,s.title,s.name,s.tips,s.pid,p.pid as ppid,p.title as ptitle FROM qw_auth_rule s left join qw_auth_rule p on p.id=s.pid where s.name='Category/update' [ RunTime:0.0010s ]
SQL: SHOW COLUMNS FROM `qw_auth_rule` [ RunTime:0.0030s ]
SQL: SELECT `id`,`title`,`pid`,`name`,`icon` FROM `qw_auth_rule` WHERE ( islink=1 AND id in (1,2,58,62,61,60,59,3,56,4,6,5,7,8,9,10,51,52,53,57,11,54,12,81,82,83,13,14,15,16,17,18,19,20,21,22,23,24,25,26,27,29,30,31,32,33,34,36,37,38,39,40,41,42,43,44,45,46,47,63,48,49,50,55)  ) ORDER BY o ASC  [ RunTime:0.0010s ]
SQL: SHOW COLUMNS FROM `qw_category` [ RunTime:0.0030s ]
SQL: UPDATE `qw_category` SET `o`='2' WHERE ( id='37' ) [ RunTime:0.0010s ]
SQL: SHOW COLUMNS FROM `qw_log` [ RunTime:0.0020s ]
SQL: SELECT `user` FROM `qw_member` WHERE `identifier` = '7b28a001fc7cc38aa16a5d9351bfa749' LIMIT 1   [ RunTime:0.0010s ]
SQL: INSERT INTO `qw_log` (`name`,`t`,`ip`,`log`) VALUES ('admin','1475134935','::1','分类修改排序，ID：37') [ RunTime:0.0000s ]

[ 2016-09-29T15:53:47+08:00 ] ::1 /tp9_1/index.php/Qwadmin/Score/index.html
ERR: 无法加载控制器:Score

[ 2016-09-29T15:56:14+08:00 ] ::1 /tp9_1/index.php/Qwadmin/Score/index.html
ERR: 无法加载控制器:Score

[ 2016-09-29T16:10:33+08:00 ] ::1 /tp9_1/index.php/Qwadmin/Score/set.html
ERR: 无法加载控制器:Score

[ 2016-09-29T16:30:50+08:00 ] ::1 /tp9_1/index.php/Qwadmin/Score/set.html
ERR: 非法操作:set

[ 2016-09-29T16:31:26+08:00 ] ::1 /tp9_1/index.php/Qwadmin/Score/set.html
ERR: 模板不存在:./App/Qwadmin/View/Score/set.html

[ 2016-09-29T16:44:05+08:00 ] ::1 /tp9_1/index.php/Qwadmin/Score/update.html?ajax=yes&uid=10&gid=1
INFO: [ app_begin ] --START--
INFO: Run Behavior\ReadHtmlCacheBehavior [ RunTime:0.003000s ]
INFO: [ app_begin ] --END-- [ RunTime:0.003000s ]
SQL: SHOW COLUMNS FROM `qw_setting` [ RunTime:0.0030s ]
SQL: SELECT `k`,`v` FROM `qw_setting`  [ RunTime:0.0010s ]
SQL: SHOW COLUMNS FROM `qw_member` [ RunTime:0.0030s ]
SQL: SELECT `uid`,`user`,`identifier`,`token`,`salt` FROM `qw_member` WHERE `identifier` = '7b28a001fc7cc38aa16a5d9351bfa749' LIMIT 1   [ RunTime:0.0000s ]
SQL: SELECT * FROM qw_auth_group g left join qw_auth_group_access a on g.id=a.group_id where a.uid=1 [ RunTime:0.0010s ]
SQL: SHOW COLUMNS FROM `qw_member` [ RunTime:0.0030s ]
SQL: SELECT * FROM `qw_member` WHERE `uid` = 1 LIMIT 1   [ RunTime:0.0010s ]
SQL: SELECT s.id,s.title,s.name,s.tips,s.pid,p.pid as ppid,p.title as ptitle FROM qw_auth_rule s left join qw_auth_rule p on p.id=s.pid where s.name='Score/update' [ RunTime:0.0000s ]
NOTIC: [8] Undefined offset: 0 C:\UPUPW_AP5.4\htdocs\tp9_1\App\Qwadmin\Controller\ComController.class.php 第 61 行.
SQL: SHOW COLUMNS FROM `qw_auth_rule` [ RunTime:0.0030s ]
SQL: SELECT `id`,`title`,`pid`,`name`,`icon` FROM `qw_auth_rule` WHERE ( islink=1 AND id in (1,2,58,62,61,60,59,3,56,4,6,5,7,8,9,10,51,52,53,57,11,54,12,13,14,15,16,17,18,19,20,21,22,23,81,82,83,24,25,26,27,29,30,31,32,33,34,36,84,85,86,37,38,39,40,41,42,43,44,45,46,47,63,48,49,50,55)  ) ORDER BY o ASC  [ RunTime:0.0010s ]
SQL: SHOW COLUMNS FROM `qw_message` [ RunTime:0.0030s ]
SQL: INSERT INTO `qw_message` (`title`,`content`,`user`,`dateline`) VALUES ('','','','1475138645') [ RunTime:0.0000s ]
SQL: SHOW COLUMNS FROM `qw_log` [ RunTime:0.0030s ]
SQL: SELECT `user` FROM `qw_member` WHERE `identifier` = '7b28a001fc7cc38aa16a5d9351bfa749' LIMIT 1   [ RunTime:0.0010s ]
SQL: INSERT INTO `qw_log` (`name`,`t`,`ip`,`log`) VALUES ('admin','1475138645','::1','新增留言，MID：28') [ RunTime:0.0000s ]

[ 2016-09-29T16:44:10+08:00 ] ::1 /tp9_1/index.php/Qwadmin/Score/update.html?ajax=yes&uid=10&gid=8
INFO: [ app_begin ] --START--
INFO: Run Behavior\ReadHtmlCacheBehavior [ RunTime:0.003000s ]
INFO: [ app_begin ] --END-- [ RunTime:0.003000s ]
SQL: SHOW COLUMNS FROM `qw_setting` [ RunTime:0.0020s ]
SQL: SELECT `k`,`v` FROM `qw_setting`  [ RunTime:0.0000s ]
SQL: SHOW COLUMNS FROM `qw_member` [ RunTime:0.0030s ]
SQL: SELECT `uid`,`user`,`identifier`,`token`,`salt` FROM `qw_member` WHERE `identifier` = '7b28a001fc7cc38aa16a5d9351bfa749' LIMIT 1   [ RunTime:0.0000s ]
SQL: SELECT * FROM qw_auth_group g left join qw_auth_group_access a on g.id=a.group_id where a.uid=1 [ RunTime:0.0000s ]
SQL: SHOW COLUMNS FROM `qw_member` [ RunTime:0.0030s ]
SQL: SELECT * FROM `qw_member` WHERE `uid` = 1 LIMIT 1   [ RunTime:0.0000s ]
SQL: SELECT s.id,s.title,s.name,s.tips,s.pid,p.pid as ppid,p.title as ptitle FROM qw_auth_rule s left join qw_auth_rule p on p.id=s.pid where s.name='Score/update' [ RunTime:0.0000s ]
NOTIC: [8] Undefined offset: 0 C:\UPUPW_AP5.4\htdocs\tp9_1\App\Qwadmin\Controller\ComController.class.php 第 61 行.
SQL: SHOW COLUMNS FROM `qw_auth_rule` [ RunTime:0.0030s ]
SQL: SELECT `id`,`title`,`pid`,`name`,`icon` FROM `qw_auth_rule` WHERE ( islink=1 AND id in (1,2,58,62,61,60,59,3,56,4,6,5,7,8,9,10,51,52,53,57,11,54,12,13,14,15,16,17,18,19,20,21,22,23,81,82,83,24,25,26,27,29,30,31,32,33,34,36,84,85,86,37,38,39,40,41,42,43,44,45,46,47,63,48,49,50,55)  ) ORDER BY o ASC  [ RunTime:0.0010s ]
SQL: SHOW COLUMNS FROM `qw_message` [ RunTime:0.0030s ]
SQL: INSERT INTO `qw_message` (`title`,`content`,`user`,`dateline`) VALUES ('','','','1475138650') [ RunTime:0.0000s ]
SQL: SHOW COLUMNS FROM `qw_log` [ RunTime:0.0030s ]
SQL: SELECT `user` FROM `qw_member` WHERE `identifier` = '7b28a001fc7cc38aa16a5d9351bfa749' LIMIT 1   [ RunTime:0.0010s ]
SQL: INSERT INTO `qw_log` (`name`,`t`,`ip`,`log`) VALUES ('admin','1475138650','::1','新增留言，MID：29') [ RunTime:0.0000s ]

[ 2016-09-29T16:44:28+08:00 ] ::1 /tp9_1/index.php/Qwadmin/Score/update.html?ajax=yes&uid=9&gid=8
INFO: [ app_begin ] --START--
INFO: Run Behavior\ReadHtmlCacheBehavior [ RunTime:0.002000s ]
INFO: [ app_begin ] --END-- [ RunTime:0.003000s ]
SQL: SHOW COLUMNS FROM `qw_setting` [ RunTime:0.0030s ]
SQL: SELECT `k`,`v` FROM `qw_setting`  [ RunTime:0.0000s ]
SQL: SHOW COLUMNS FROM `qw_member` [ RunTime:0.0030s ]
SQL: SELECT `uid`,`user`,`identifier`,`token`,`salt` FROM `qw_member` WHERE `identifier` = '7b28a001fc7cc38aa16a5d9351bfa749' LIMIT 1   [ RunTime:0.0000s ]
SQL: SELECT * FROM qw_auth_group g left join qw_auth_group_access a on g.id=a.group_id where a.uid=1 [ RunTime:0.0000s ]
SQL: SHOW COLUMNS FROM `qw_member` [ RunTime:0.0050s ]
SQL: SELECT * FROM `qw_member` WHERE `uid` = 1 LIMIT 1   [ RunTime:0.0010s ]
SQL: SELECT s.id,s.title,s.name,s.tips,s.pid,p.pid as ppid,p.title as ptitle FROM qw_auth_rule s left join qw_auth_rule p on p.id=s.pid where s.name='Score/update' [ RunTime:0.0000s ]
NOTIC: [8] Undefined offset: 0 C:\UPUPW_AP5.4\htdocs\tp9_1\App\Qwadmin\Controller\ComController.class.php 第 61 行.
SQL: SHOW COLUMNS FROM `qw_auth_rule` [ RunTime:0.0030s ]
SQL: SELECT `id`,`title`,`pid`,`name`,`icon` FROM `qw_auth_rule` WHERE ( islink=1 AND id in (1,2,58,62,61,60,59,3,56,4,6,5,7,8,9,10,51,52,53,57,11,54,12,13,14,15,16,17,18,19,20,21,22,23,81,82,83,24,25,26,27,29,30,31,32,33,34,36,84,85,86,37,38,39,40,41,42,43,44,45,46,47,63,48,49,50,55)  ) ORDER BY o ASC  [ RunTime:0.0010s ]
SQL: SHOW COLUMNS FROM `qw_message` [ RunTime:0.0030s ]
SQL: INSERT INTO `qw_message` (`title`,`content`,`user`,`dateline`) VALUES ('','','','1475138668') [ RunTime:0.0000s ]
SQL: SHOW COLUMNS FROM `qw_log` [ RunTime:0.0030s ]
SQL: SELECT `user` FROM `qw_member` WHERE `identifier` = '7b28a001fc7cc38aa16a5d9351bfa749' LIMIT 1   [ RunTime:0.0010s ]
SQL: INSERT INTO `qw_log` (`name`,`t`,`ip`,`log`) VALUES ('admin','1475138668','::1','新增留言，MID：30') [ RunTime:0.0000s ]

[ 2016-09-29T16:44:33+08:00 ] ::1 /tp9_1/index.php/Qwadmin/Score/update.html?ajax=yes&uid=9&gid=1
INFO: [ app_begin ] --START--
INFO: Run Behavior\ReadHtmlCacheBehavior [ RunTime:0.002000s ]
INFO: [ app_begin ] --END-- [ RunTime:0.003000s ]
SQL: SHOW COLUMNS FROM `qw_setting` [ RunTime:0.0030s ]
SQL: SELECT `k`,`v` FROM `qw_setting`  [ RunTime:0.0000s ]
SQL: SHOW COLUMNS FROM `qw_member` [ RunTime:0.0030s ]
SQL: SELECT `uid`,`user`,`identifier`,`token`,`salt` FROM `qw_member` WHERE `identifier` = '7b28a001fc7cc38aa16a5d9351bfa749' LIMIT 1   [ RunTime:0.0000s ]
SQL: SELECT * FROM qw_auth_group g left join qw_auth_group_access a on g.id=a.group_id where a.uid=1 [ RunTime:0.0010s ]
SQL: SHOW COLUMNS FROM `qw_member` [ RunTime:0.0040s ]
SQL: SELECT * FROM `qw_member` WHERE `uid` = 1 LIMIT 1   [ RunTime:0.0000s ]
SQL: SELECT s.id,s.title,s.name,s.tips,s.pid,p.pid as ppid,p.title as ptitle FROM qw_auth_rule s left join qw_auth_rule p on p.id=s.pid where s.name='Score/update' [ RunTime:0.0010s ]
NOTIC: [8] Undefined offset: 0 C:\UPUPW_AP5.4\htdocs\tp9_1\App\Qwadmin\Controller\ComController.class.php 第 61 行.
SQL: SHOW COLUMNS FROM `qw_auth_rule` [ RunTime:0.0030s ]
SQL: SELECT `id`,`title`,`pid`,`name`,`icon` FROM `qw_auth_rule` WHERE ( islink=1 AND id in (1,2,58,62,61,60,59,3,56,4,6,5,7,8,9,10,51,52,53,57,11,54,12,13,14,15,16,17,18,19,20,21,22,23,81,82,83,24,25,26,27,29,30,31,32,33,34,36,84,85,86,37,38,39,40,41,42,43,44,45,46,47,63,48,49,50,55)  ) ORDER BY o ASC  [ RunTime:0.0010s ]
SQL: SHOW COLUMNS FROM `qw_message` [ RunTime:0.0030s ]
SQL: INSERT INTO `qw_message` (`title`,`content`,`user`,`dateline`) VALUES ('','','','1475138673') [ RunTime:0.0010s ]
SQL: SHOW COLUMNS FROM `qw_log` [ RunTime:0.0020s ]
SQL: SELECT `user` FROM `qw_member` WHERE `identifier` = '7b28a001fc7cc38aa16a5d9351bfa749' LIMIT 1   [ RunTime:0.0000s ]
SQL: INSERT INTO `qw_log` (`name`,`t`,`ip`,`log`) VALUES ('admin','1475138673','::1','新增留言，MID：31') [ RunTime:0.0000s ]

[ 2016-09-29T16:47:47+08:00 ] ::1 /tp9_1/index.php/Qwadmin/Score/edit.html?uid=5
ERR: 参数错误或者未定义:mid

[ 2016-09-29T16:51:22+08:00 ] ::1 /tp9_1/index.php/Qwadmin/Score/edit.html?uid=1
ERR: 参数错误或者未定义:mid

[ 2016-09-29T16:56:05+08:00 ] ::1 /tp9_1/index.php/Qwadmin/Score/edit.html?uid=2
ERR: 参数错误或者未定义:mid

[ 2016-09-29T17:07:42+08:00 ] ::1 /tp9_1/index.php/Qwadmin/Score/edit.html?uid=2
ERR: 参数错误或者未定义:mid

[ 2016-09-29T17:10:15+08:00 ] ::1 /tp9_1/index.php/Qwadmin/Score/edit.html?uid=2
ERR: SQLSTATE[42S02]: Base table or view not found: 1146 Table 'tp9.qw_menber' doesn't exist

[ 2016-09-29T17:54:31+08:00 ] ::1 /tp9_1/index.php/Qwadmin/Score/set.html
ERR: SQLSTATE[42S22]: Column not found: 1054 Unknown column 'qw_score.mid' in 'order clause'

