[ 2016-12-09T12:19:39+08:00 ] ::1 /tp9_1/qwadmin
INFO: [ app_init ] --START--
INFO: Run Behavior\BuildLiteBehavior [ RunTime:0.000000s ]
INFO: [ app_init ] --END-- [ RunTime:0.001000s ]
INFO: [ app_begin ] --START--
INFO: Run Behavior\ReadHtmlCacheBehavior [ RunTime:0.001000s ]
INFO: [ app_begin ] --END-- [ RunTime:0.001000s ]
SQL: SHOW COLUMNS FROM `qw_setting` [ RunTime:0.0030s ]
SQL: SELECT `k`,`v` FROM `qw_setting`  [ RunTime:0.0000s ]
SQL: SHOW COLUMNS FROM `qw_member` [ RunTime:0.0020s ]
SQL: SELECT `uid`,`user`,`identifier`,`token`,`salt` FROM `qw_member` WHERE `identifier` = 'a0559573e9f93f773c23c0d3ad28c75a' LIMIT 1   [ RunTime:0.0000s ]
SQL: SELECT * FROM qw_auth_group g left join qw_auth_group_access a on g.id=a.group_id where a.uid=2 [ RunTime:0.0000s ]
NOTIC: [8] Undefined offset: 0 D:\xampp\htdocs\tp9_1\App\Qwadmin\Controller\ComController.class.php 第 51 行.
SQL: SHOW COLUMNS FROM `qw_auth_group_access` [ RunTime:0.0020s ]
SQL: SELECT `uid`,`group_id`,`title`,`rules` FROM qw_auth_group_access a INNER JOIN qw_auth_group g on a.group_id=g.id  WHERE ( a.uid='2' and g.status='1' )  [ RunTime:0.0000s ]
INFO: [ view_parse ] --START--
INFO: [ template_filter ] --START--
INFO: Run Behavior\ContentReplaceBehavior [ RunTime:0.000000s ]
INFO: [ template_filter ] --END-- [ RunTime:0.000000s ]
INFO: Run Behavior\ParseTemplateBehavior [ RunTime:0.051003s ]
INFO: [ view_parse ] --END-- [ RunTime:0.051003s ]
INFO: [ view_filter ] --START--
INFO: Run Behavior\WriteHtmlCacheBehavior [ RunTime:0.000000s ]
INFO: [ view_filter ] --END-- [ RunTime:0.000000s ]

[ 2016-12-09T12:19:57+08:00 ] ::1 /tp9_1/qwadmin
INFO: [ app_init ] --START--
INFO: Run Behavior\BuildLiteBehavior [ RunTime:0.000000s ]
INFO: [ app_init ] --END-- [ RunTime:0.000000s ]
INFO: [ app_begin ] --START--
INFO: Run Behavior\ReadHtmlCacheBehavior [ RunTime:0.001001s ]
INFO: [ app_begin ] --END-- [ RunTime:0.001001s ]
SQL: SHOW COLUMNS FROM `qw_setting` [ RunTime:0.0020s ]
SQL: SELECT `k`,`v` FROM `qw_setting`  [ RunTime:0.0010s ]
SQL: SHOW COLUMNS FROM `qw_member` [ RunTime:0.0020s ]
SQL: SELECT `uid`,`user`,`identifier`,`token`,`salt` FROM `qw_member` WHERE `identifier` = 'a0559573e9f93f773c23c0d3ad28c75a' LIMIT 1   [ RunTime:0.0000s ]
SQL: SELECT * FROM qw_auth_group g left join qw_auth_group_access a on g.id=a.group_id where a.uid=2 [ RunTime:0.0000s ]
NOTIC: [8] Undefined offset: 0 D:\xampp\htdocs\tp9_1\App\Qwadmin\Controller\ComController.class.php 第 51 行.
SQL: SHOW COLUMNS FROM `qw_auth_group_access` [ RunTime:0.0020s ]
SQL: SELECT `uid`,`group_id`,`title`,`rules` FROM qw_auth_group_access a INNER JOIN qw_auth_group g on a.group_id=g.id  WHERE ( a.uid='2' and g.status='1' )  [ RunTime:0.0000s ]
INFO: [ view_parse ] --START--
INFO: [ template_filter ] --START--
INFO: Run Behavior\ContentReplaceBehavior [ RunTime:0.000000s ]
INFO: [ template_filter ] --END-- [ RunTime:0.000000s ]
INFO: Run Behavior\ParseTemplateBehavior [ RunTime:0.053003s ]
INFO: [ view_parse ] --END-- [ RunTime:0.053003s ]
INFO: [ view_filter ] --START--
INFO: Run Behavior\WriteHtmlCacheBehavior [ RunTime:0.001000s ]
INFO: [ view_filter ] --END-- [ RunTime:0.001000s ]

[ 2016-12-09T12:20:16+08:00 ] ::1 /tp9_1/qwadmin
INFO: [ app_init ] --START--
INFO: Run Behavior\BuildLiteBehavior [ RunTime:0.001000s ]
INFO: [ app_init ] --END-- [ RunTime:0.001000s ]
INFO: [ app_begin ] --START--
INFO: Run Behavior\ReadHtmlCacheBehavior [ RunTime:0.001000s ]
INFO: [ app_begin ] --END-- [ RunTime:0.001000s ]
SQL: SHOW COLUMNS FROM `qw_setting` [ RunTime:0.0030s ]
SQL: SELECT `k`,`v` FROM `qw_setting`  [ RunTime:0.0000s ]
NOTIC: [8] Undefined offset: 1 D:\xampp\htdocs\tp9_1\App\Qwadmin\Controller\ComController.class.php 第 27 行.

[ 2016-12-09T12:20:16+08:00 ] ::1 /tp9_1/index.php/Qwadmin/login/index.html
INFO: [ app_init ] --START--
INFO: Run Behavior\BuildLiteBehavior [ RunTime:0.000000s ]
INFO: [ app_init ] --END-- [ RunTime:0.000000s ]
INFO: [ app_begin ] --START--
INFO: Run Behavior\ReadHtmlCacheBehavior [ RunTime:0.001000s ]
INFO: [ app_begin ] --END-- [ RunTime:0.001000s ]
SQL: SHOW COLUMNS FROM `qw_setting` [ RunTime:0.0030s ]
SQL: SELECT `k`,`v` FROM `qw_setting`  [ RunTime:0.0000s ]
NOTIC: [8] Undefined offset: 1 D:\xampp\htdocs\tp9_1\App\Qwadmin\Controller\LoginController.class.php 第 21 行.
INFO: [ view_parse ] --START--
INFO: [ template_filter ] --START--
INFO: Run Behavior\ContentReplaceBehavior [ RunTime:0.000000s ]
INFO: [ template_filter ] --END-- [ RunTime:0.000000s ]
INFO: Run Behavior\ParseTemplateBehavior [ RunTime:0.045003s ]
INFO: [ view_parse ] --END-- [ RunTime:0.045003s ]
INFO: [ view_filter ] --START--
INFO: Run Behavior\WriteHtmlCacheBehavior [ RunTime:0.001000s ]
INFO: [ view_filter ] --END-- [ RunTime:0.001000s ]
INFO: [ app_end ] --START--
INFO: Run Behavior\ShowPageTraceBehavior [ RunTime:0.001000s ]
INFO: [ app_end ] --END-- [ RunTime:0.001000s ]

[ 2016-12-09T12:20:17+08:00 ] ::1 /tp9_1/index.php/Qwadmin/login/verify.html
INFO: [ app_init ] --START--
INFO: Run Behavior\BuildLiteBehavior [ RunTime:0.000000s ]
INFO: [ app_init ] --END-- [ RunTime:0.000000s ]
INFO: [ app_begin ] --START--
INFO: Run Behavior\ReadHtmlCacheBehavior [ RunTime:0.017001s ]
INFO: [ app_begin ] --END-- [ RunTime:0.017001s ]
SQL: SHOW COLUMNS FROM `qw_setting` [ RunTime:0.0040s ]
SQL: SELECT `k`,`v` FROM `qw_setting`  [ RunTime:0.0000s ]
INFO: [ app_end ] --START--
INFO: Run Behavior\ShowPageTraceBehavior [ RunTime:0.002000s ]
INFO: [ app_end ] --END-- [ RunTime:0.002000s ]

[ 2016-12-09T12:20:31+08:00 ] ::1 /tp9_1/index.php/Qwadmin/login/login.html
INFO: [ app_init ] --START--
INFO: Run Behavior\BuildLiteBehavior [ RunTime:0.000000s ]
INFO: [ app_init ] --END-- [ RunTime:0.004000s ]
INFO: [ app_begin ] --START--
INFO: Run Behavior\ReadHtmlCacheBehavior [ RunTime:0.001000s ]
INFO: [ app_begin ] --END-- [ RunTime:0.001000s ]
SQL: SHOW COLUMNS FROM `qw_setting` [ RunTime:0.0020s ]
SQL: SELECT `k`,`v` FROM `qw_setting`  [ RunTime:0.0000s ]
SQL: SHOW COLUMNS FROM `qw_member` [ RunTime:0.0040s ]
SQL: SELECT `uid`,`user` FROM `qw_member` WHERE `user` = 'admin' AND `password` = '66d6a1c8748025462128dc75bf5ae8d1' LIMIT 1   [ RunTime:0.0000s ]
SQL: SHOW COLUMNS FROM `qw_member` [ RunTime:0.0030s ]
SQL: UPDATE `qw_member` SET `identifier`='ed8665cf22d7531514b2ee0d1d0afe8f',`token`='ecf7b597c97e0cbbfaf7d9f32e941a86',`salt`='e2XxQKFE8G' WHERE `uid` = 1 [ RunTime:0.0000s ]
SQL: SHOW COLUMNS FROM `qw_log` [ RunTime:0.0020s ]
SQL: SELECT `user` FROM `qw_member` WHERE `identifier` = 'ed8665cf22d7531514b2ee0d1d0afe8f' LIMIT 1   [ RunTime:0.0010s ]
SQL: INSERT INTO `qw_log` (`name`,`t`,`ip`,`log`) VALUES ('admin','1481257231','::1','登录成功。') [ RunTime:0.0000s ]

[ 2016-12-09T12:20:31+08:00 ] ::1 /tp9_1/index.php/Qwadmin/index/index.html
INFO: [ app_init ] --START--
INFO: Run Behavior\BuildLiteBehavior [ RunTime:0.000000s ]
INFO: [ app_init ] --END-- [ RunTime:0.000000s ]
INFO: [ app_begin ] --START--
INFO: Run Behavior\ReadHtmlCacheBehavior [ RunTime:0.001000s ]
INFO: [ app_begin ] --END-- [ RunTime:0.001000s ]
SQL: SHOW COLUMNS FROM `qw_setting` [ RunTime:0.0020s ]
SQL: SELECT `k`,`v` FROM `qw_setting`  [ RunTime:0.0000s ]
SQL: SHOW COLUMNS FROM `qw_member` [ RunTime:0.0030s ]
SQL: SELECT `uid`,`user`,`identifier`,`token`,`salt` FROM `qw_member` WHERE `identifier` = 'ed8665cf22d7531514b2ee0d1d0afe8f' LIMIT 1   [ RunTime:0.0010s ]
SQL: SELECT * FROM qw_auth_group g left join qw_auth_group_access a on g.id=a.group_id where a.uid=1 [ RunTime:0.0000s ]
SQL: SHOW COLUMNS FROM `qw_member` [ RunTime:0.0060s ]
SQL: SELECT * FROM `qw_member` WHERE `uid` = 1 LIMIT 1   [ RunTime:0.0000s ]
SQL: SELECT s.id,s.title,s.name,s.tips,s.pid,p.pid as ppid,p.title as ptitle FROM qw_auth_rule s left join qw_auth_rule p on p.id=s.pid where s.name='Index/index' [ RunTime:0.0000s ]
SQL: SHOW COLUMNS FROM `qw_auth_rule` [ RunTime:0.0030s ]
SQL: SELECT `id`,`title`,`pid`,`name`,`icon` FROM `qw_auth_rule` WHERE ( islink=1 AND id in (1,2,58,62,61,60,59,3,56,4,6,5,7,8,9,10,51,52,53,57,11,54,12,13,14,15,16,17,18,19,20,21,22,23,81,82,83,24,25,26,27,29,30,31,32,33,34,36,84,85,86,87,37,38,39,40,41,42,43,44,45,46,47,63,48,49,50,55)  ) ORDER BY o ASC  [ RunTime:0.0010s ]
SQL: select VERSION() as mysql [ RunTime:0.0010s ]
SQL: SHOW COLUMNS FROM `qw_log` [ RunTime:0.0020s ]
SQL: DELETE FROM `qw_log` WHERE ( t < 1476073231 ) [ RunTime:0.0000s ]
SQL: SELECT COUNT(*) AS tp_count FROM `qw_log` LIMIT 1   [ RunTime:0.0010s ]
SQL: SELECT * FROM `qw_log` ORDER BY id desc LIMIT 0,25   [ RunTime:0.0010s ]
INFO: [ view_parse ] --START--
INFO: [ template_filter ] --START--
INFO: Run Behavior\ContentReplaceBehavior [ RunTime:0.001000s ]
INFO: [ template_filter ] --END-- [ RunTime:0.001000s ]
INFO: Run Behavior\ParseTemplateBehavior [ RunTime:0.197012s ]
INFO: [ view_parse ] --END-- [ RunTime:0.197012s ]
INFO: [ view_filter ] --START--
INFO: Run Behavior\WriteHtmlCacheBehavior [ RunTime:0.001000s ]
INFO: [ view_filter ] --END-- [ RunTime:0.001000s ]
INFO: [ app_end ] --START--
INFO: Run Behavior\ShowPageTraceBehavior [ RunTime:0.015001s ]
INFO: [ app_end ] --END-- [ RunTime:0.015001s ]

[ 2016-12-09T12:20:41+08:00 ] ::1 /tp9_1/index.php/Qwadmin/Member/index.html
INFO: [ app_init ] --START--
INFO: Run Behavior\BuildLiteBehavior [ RunTime:0.000000s ]
INFO: [ app_init ] --END-- [ RunTime:0.001000s ]
INFO: [ app_begin ] --START--
INFO: Run Behavior\ReadHtmlCacheBehavior [ RunTime:0.001000s ]
INFO: [ app_begin ] --END-- [ RunTime:0.002000s ]
SQL: SHOW COLUMNS FROM `qw_setting` [ RunTime:0.0030s ]
SQL: SELECT `k`,`v` FROM `qw_setting`  [ RunTime:0.0000s ]
SQL: SHOW COLUMNS FROM `qw_member` [ RunTime:0.0030s ]
SQL: SELECT `uid`,`user`,`identifier`,`token`,`salt` FROM `qw_member` WHERE `identifier` = 'ed8665cf22d7531514b2ee0d1d0afe8f' LIMIT 1   [ RunTime:0.0000s ]
SQL: SELECT * FROM qw_auth_group g left join qw_auth_group_access a on g.id=a.group_id where a.uid=1 [ RunTime:0.0010s ]
SQL: SHOW COLUMNS FROM `qw_member` [ RunTime:0.0040s ]
SQL: SELECT * FROM `qw_member` WHERE `uid` = 1 LIMIT 1   [ RunTime:0.0010s ]
SQL: SELECT s.id,s.title,s.name,s.tips,s.pid,p.pid as ppid,p.title as ptitle FROM qw_auth_rule s left join qw_auth_rule p on p.id=s.pid where s.name='Member/index' [ RunTime:0.0000s ]
SQL: SHOW COLUMNS FROM `qw_auth_rule` [ RunTime:0.0030s ]
SQL: SELECT `id`,`title`,`pid`,`name`,`icon` FROM `qw_auth_rule` WHERE ( islink=1 AND id in (1,2,58,62,61,60,59,3,56,4,6,5,7,8,9,10,51,52,53,57,11,54,12,13,14,15,16,17,18,19,20,21,22,23,81,82,83,24,25,26,27,29,30,31,32,33,34,36,84,85,86,87,37,38,39,40,41,42,43,44,45,46,47,63,48,49,50,55)  ) ORDER BY o ASC  [ RunTime:0.0010s ]
SQL: SELECT COUNT(*) AS tp_count FROM `qw_member` LIMIT 1   [ RunTime:0.0000s ]
SQL: SELECT qw_member.*,qw_auth_group.id as gid,qw_auth_group.title FROM `qw_member` INNER JOIN qw_auth_group_access ON qw_member.uid = qw_auth_group_access.uid INNER JOIN qw_auth_group ON qw_auth_group.id = qw_auth_group_access.group_id  ORDER BY qw_member.uid asc LIMIT 0,15   [ RunTime:0.0010s ]
SQL: SHOW COLUMNS FROM `qw_auth_group` [ RunTime:0.0030s ]
SQL: SELECT `id`,`title` FROM `qw_auth_group`  [ RunTime:0.0030s ]
INFO: [ view_parse ] --START--
INFO: [ template_filter ] --START--
INFO: Run Behavior\ContentReplaceBehavior [ RunTime:0.000000s ]
INFO: [ template_filter ] --END-- [ RunTime:0.000000s ]
INFO: Run Behavior\ParseTemplateBehavior [ RunTime:0.072005s ]
INFO: [ view_parse ] --END-- [ RunTime:0.072005s ]
INFO: [ view_filter ] --START--
INFO: Run Behavior\WriteHtmlCacheBehavior [ RunTime:0.001000s ]
INFO: [ view_filter ] --END-- [ RunTime:0.001000s ]
INFO: [ app_end ] --START--
INFO: Run Behavior\ShowPageTraceBehavior [ RunTime:0.002000s ]
INFO: [ app_end ] --END-- [ RunTime:0.002000s ]

[ 2016-12-09T12:20:44+08:00 ] ::1 /tp9_1/index.php/Qwadmin/Member/index.html
INFO: [ app_init ] --START--
INFO: Run Behavior\BuildLiteBehavior [ RunTime:0.000000s ]
INFO: [ app_init ] --END-- [ RunTime:0.001000s ]
INFO: [ app_begin ] --START--
INFO: Run Behavior\ReadHtmlCacheBehavior [ RunTime:0.001000s ]
INFO: [ app_begin ] --END-- [ RunTime:0.001000s ]
SQL: SHOW COLUMNS FROM `qw_setting` [ RunTime:0.0020s ]
SQL: SELECT `k`,`v` FROM `qw_setting`  [ RunTime:0.0000s ]
SQL: SHOW COLUMNS FROM `qw_member` [ RunTime:0.0030s ]
SQL: SELECT `uid`,`user`,`identifier`,`token`,`salt` FROM `qw_member` WHERE `identifier` = 'ed8665cf22d7531514b2ee0d1d0afe8f' LIMIT 1   [ RunTime:0.0010s ]
SQL: SELECT * FROM qw_auth_group g left join qw_auth_group_access a on g.id=a.group_id where a.uid=1 [ RunTime:0.0000s ]
SQL: SHOW COLUMNS FROM `qw_member` [ RunTime:0.0030s ]
SQL: SELECT * FROM `qw_member` WHERE `uid` = 1 LIMIT 1   [ RunTime:0.0000s ]
SQL: SELECT s.id,s.title,s.name,s.tips,s.pid,p.pid as ppid,p.title as ptitle FROM qw_auth_rule s left join qw_auth_rule p on p.id=s.pid where s.name='Member/index' [ RunTime:0.0010s ]
SQL: SHOW COLUMNS FROM `qw_auth_rule` [ RunTime:0.0020s ]
SQL: SELECT `id`,`title`,`pid`,`name`,`icon` FROM `qw_auth_rule` WHERE ( islink=1 AND id in (1,2,58,62,61,60,59,3,56,4,6,5,7,8,9,10,51,52,53,57,11,54,12,13,14,15,16,17,18,19,20,21,22,23,81,82,83,24,25,26,27,29,30,31,32,33,34,36,84,85,86,87,37,38,39,40,41,42,43,44,45,46,47,63,48,49,50,55)  ) ORDER BY o ASC  [ RunTime:0.0010s ]
SQL: SELECT COUNT(*) AS tp_count FROM `qw_member` LIMIT 1   [ RunTime:0.0000s ]
SQL: SELECT qw_member.*,qw_auth_group.id as gid,qw_auth_group.title FROM `qw_member` INNER JOIN qw_auth_group_access ON qw_member.uid = qw_auth_group_access.uid INNER JOIN qw_auth_group ON qw_auth_group.id = qw_auth_group_access.group_id  ORDER BY qw_member.uid asc LIMIT 0,15   [ RunTime:0.0000s ]
SQL: SHOW COLUMNS FROM `qw_auth_group` [ RunTime:0.0020s ]
SQL: SELECT `id`,`title` FROM `qw_auth_group`  [ RunTime:0.0010s ]
INFO: [ view_parse ] --START--
INFO: [ template_filter ] --START--
INFO: Run Behavior\ContentReplaceBehavior [ RunTime:0.000000s ]
INFO: [ template_filter ] --END-- [ RunTime:0.000000s ]
INFO: Run Behavior\ParseTemplateBehavior [ RunTime:0.031002s ]
INFO: [ view_parse ] --END-- [ RunTime:0.031002s ]
INFO: [ view_filter ] --START--
INFO: Run Behavior\WriteHtmlCacheBehavior [ RunTime:0.001000s ]
INFO: [ view_filter ] --END-- [ RunTime:0.001000s ]
INFO: [ app_end ] --START--
INFO: Run Behavior\ShowPageTraceBehavior [ RunTime:0.001000s ]
INFO: [ app_end ] --END-- [ RunTime:0.001000s ]

[ 2016-12-09T12:21:20+08:00 ] ::1 /tp9_1/index.php/Qwadmin/Member/index.html
INFO: [ app_init ] --START--
INFO: Run Behavior\BuildLiteBehavior [ RunTime:0.000000s ]
INFO: [ app_init ] --END-- [ RunTime:0.000000s ]
INFO: [ app_begin ] --START--
INFO: Run Behavior\ReadHtmlCacheBehavior [ RunTime:0.001001s ]
INFO: [ app_begin ] --END-- [ RunTime:0.001001s ]
SQL: SHOW COLUMNS FROM `qw_setting` [ RunTime:0.0030s ]
SQL: SELECT `k`,`v` FROM `qw_setting`  [ RunTime:0.0000s ]
SQL: SHOW COLUMNS FROM `qw_member` [ RunTime:0.0030s ]
SQL: SELECT `uid`,`user`,`identifier`,`token`,`salt` FROM `qw_member` WHERE `identifier` = 'ed8665cf22d7531514b2ee0d1d0afe8f' LIMIT 1   [ RunTime:0.0010s ]
SQL: SELECT * FROM qw_auth_group g left join qw_auth_group_access a on g.id=a.group_id where a.uid=1 [ RunTime:0.0000s ]
SQL: SHOW COLUMNS FROM `qw_member` [ RunTime:0.0020s ]
SQL: SELECT * FROM `qw_member` WHERE `uid` = 1 LIMIT 1   [ RunTime:0.0000s ]
SQL: SELECT s.id,s.title,s.name,s.tips,s.pid,p.pid as ppid,p.title as ptitle FROM qw_auth_rule s left join qw_auth_rule p on p.id=s.pid where s.name='Member/index' [ RunTime:0.0000s ]
SQL: SHOW COLUMNS FROM `qw_auth_rule` [ RunTime:0.0090s ]
SQL: SELECT `id`,`title`,`pid`,`name`,`icon` FROM `qw_auth_rule` WHERE ( islink=1 AND id in (1,2,58,62,61,60,59,3,56,4,6,5,7,8,9,10,51,52,53,57,11,54,12,13,14,15,16,17,18,19,20,21,22,23,81,82,83,24,25,26,27,29,30,31,32,33,34,36,84,85,86,87,37,38,39,40,41,42,43,44,45,46,47,63,48,49,50,55)  ) ORDER BY o ASC  [ RunTime:0.0010s ]
SQL: SELECT COUNT(*) AS tp_count FROM `qw_member` LIMIT 1   [ RunTime:0.0000s ]
SQL: SELECT qw_member.*,qw_auth_group.id as gid,qw_auth_group.title FROM `qw_member` INNER JOIN qw_auth_group_access ON qw_member.uid = qw_auth_group_access.uid INNER JOIN qw_auth_group ON qw_auth_group.id = qw_auth_group_access.group_id  ORDER BY qw_member.uid asc LIMIT 0,15   [ RunTime:0.0010s ]
SQL: SHOW COLUMNS FROM `qw_auth_group` [ RunTime:0.0030s ]
SQL: SELECT `id`,`title` FROM `qw_auth_group`  [ RunTime:0.0000s ]
INFO: [ view_parse ] --START--
INFO: [ template_filter ] --START--
INFO: Run Behavior\ContentReplaceBehavior [ RunTime:0.000000s ]
INFO: [ template_filter ] --END-- [ RunTime:0.000000s ]
INFO: Run Behavior\ParseTemplateBehavior [ RunTime:0.086005s ]
INFO: [ view_parse ] --END-- [ RunTime:0.086005s ]
INFO: [ view_filter ] --START--
INFO: Run Behavior\WriteHtmlCacheBehavior [ RunTime:0.001000s ]
INFO: [ view_filter ] --END-- [ RunTime:0.001000s ]
INFO: [ app_end ] --START--
INFO: Run Behavior\ShowPageTraceBehavior [ RunTime:0.002000s ]
INFO: [ app_end ] --END-- [ RunTime:0.002000s ]

[ 2016-12-09T12:22:21+08:00 ] ::1 /tp9_1/index.php/Qwadmin/Member/add.html
INFO: [ app_init ] --START--
INFO: Run Behavior\BuildLiteBehavior [ RunTime:0.000000s ]
INFO: [ app_init ] --END-- [ RunTime:0.001000s ]
INFO: [ app_begin ] --START--
INFO: Run Behavior\ReadHtmlCacheBehavior [ RunTime:0.001000s ]
INFO: [ app_begin ] --END-- [ RunTime:0.001000s ]
SQL: SHOW COLUMNS FROM `qw_setting` [ RunTime:0.0030s ]
SQL: SELECT `k`,`v` FROM `qw_setting`  [ RunTime:0.0010s ]
SQL: SHOW COLUMNS FROM `qw_member` [ RunTime:0.0030s ]
SQL: SELECT `uid`,`user`,`identifier`,`token`,`salt` FROM `qw_member` WHERE `identifier` = 'ed8665cf22d7531514b2ee0d1d0afe8f' LIMIT 1   [ RunTime:0.0010s ]
SQL: SELECT * FROM qw_auth_group g left join qw_auth_group_access a on g.id=a.group_id where a.uid=1 [ RunTime:0.0000s ]
SQL: SHOW COLUMNS FROM `qw_member` [ RunTime:0.0020s ]
SQL: SELECT * FROM `qw_member` WHERE `uid` = 1 LIMIT 1   [ RunTime:0.0010s ]
SQL: SELECT s.id,s.title,s.name,s.tips,s.pid,p.pid as ppid,p.title as ptitle FROM qw_auth_rule s left join qw_auth_rule p on p.id=s.pid where s.name='Member/add' [ RunTime:0.0000s ]
SQL: SHOW COLUMNS FROM `qw_auth_rule` [ RunTime:0.0020s ]
SQL: SELECT `id`,`title`,`pid`,`name`,`icon` FROM `qw_auth_rule` WHERE ( islink=1 AND id in (1,2,58,62,61,60,59,3,56,4,6,5,7,8,9,10,51,52,53,57,11,54,12,13,14,15,16,17,18,19,20,21,22,23,81,82,83,24,25,26,27,29,30,31,32,33,34,36,84,85,86,87,37,38,39,40,41,42,43,44,45,46,47,63,48,49,50,55)  ) ORDER BY o ASC  [ RunTime:0.0020s ]
SQL: SHOW COLUMNS FROM `qw_auth_group` [ RunTime:0.0030s ]
SQL: SELECT `id`,`title` FROM `qw_auth_group`  [ RunTime:0.0010s ]
INFO: [ view_parse ] --START--
INFO: [ template_filter ] --START--
INFO: Run Behavior\ContentReplaceBehavior [ RunTime:0.001000s ]
INFO: [ template_filter ] --END-- [ RunTime:0.001000s ]
NOTIC: [8] Undefined variable: member D:\xampp\htdocs\tp9_1\App\Runtime\Cache\Qwadmin\cc024f7bc7cc4b94a6a980212af99398.php 第 369 行.
NOTIC: [8] Undefined variable: member D:\xampp\htdocs\tp9_1\App\Runtime\Cache\Qwadmin\cc024f7bc7cc4b94a6a980212af99398.php 第 369 行.
NOTIC: [8] Undefined variable: member D:\xampp\htdocs\tp9_1\App\Runtime\Cache\Qwadmin\cc024f7bc7cc4b94a6a980212af99398.php 第 369 行.
NOTIC: [8] Undefined variable: member D:\xampp\htdocs\tp9_1\App\Runtime\Cache\Qwadmin\cc024f7bc7cc4b94a6a980212af99398.php 第 369 行.
NOTIC: [8] Undefined variable: member D:\xampp\htdocs\tp9_1\App\Runtime\Cache\Qwadmin\cc024f7bc7cc4b94a6a980212af99398.php 第 394 行.
NOTIC: [8] Undefined variable: member D:\xampp\htdocs\tp9_1\App\Runtime\Cache\Qwadmin\cc024f7bc7cc4b94a6a980212af99398.php 第 434 行.
NOTIC: [8] Undefined variable: member D:\xampp\htdocs\tp9_1\App\Runtime\Cache\Qwadmin\cc024f7bc7cc4b94a6a980212af99398.php 第 446 行.
NOTIC: [8] Undefined variable: member D:\xampp\htdocs\tp9_1\App\Runtime\Cache\Qwadmin\cc024f7bc7cc4b94a6a980212af99398.php 第 458 行.
INFO: Run Behavior\ParseTemplateBehavior [ RunTime:0.080005s ]
INFO: [ view_parse ] --END-- [ RunTime:0.080005s ]
INFO: [ view_filter ] --START--
INFO: Run Behavior\WriteHtmlCacheBehavior [ RunTime:0.002000s ]
INFO: [ view_filter ] --END-- [ RunTime:0.002000s ]
INFO: [ app_end ] --START--
INFO: Run Behavior\ShowPageTraceBehavior [ RunTime:0.004000s ]
INFO: [ app_end ] --END-- [ RunTime:0.004000s ]

[ 2016-12-09T12:22:21+08:00 ] ::1 /tp9_1/index.php/Qwadmin/Upload/uploadpic.html?Width=100&Height=100&BackCall=head&Img=
INFO: [ app_init ] --START--
INFO: Run Behavior\BuildLiteBehavior [ RunTime:0.000000s ]
INFO: [ app_init ] --END-- [ RunTime:0.001001s ]
INFO: [ app_begin ] --START--
INFO: Run Behavior\ReadHtmlCacheBehavior [ RunTime:0.001000s ]
INFO: [ app_begin ] --END-- [ RunTime:0.001000s ]
SQL: SHOW COLUMNS FROM `qw_setting` [ RunTime:0.0040s ]
SQL: SELECT `k`,`v` FROM `qw_setting`  [ RunTime:0.0000s ]
SQL: SHOW COLUMNS FROM `qw_member` [ RunTime:0.0060s ]
SQL: SELECT `uid`,`user`,`identifier`,`token`,`salt` FROM `qw_member` WHERE `identifier` = 'ed8665cf22d7531514b2ee0d1d0afe8f' LIMIT 1   [ RunTime:0.0010s ]
SQL: SELECT * FROM qw_auth_group g left join qw_auth_group_access a on g.id=a.group_id where a.uid=1 [ RunTime:0.0000s ]
SQL: SHOW COLUMNS FROM `qw_member` [ RunTime:0.0020s ]
SQL: SELECT * FROM `qw_member` WHERE `uid` = 1 LIMIT 1   [ RunTime:0.0000s ]
SQL: SELECT s.id,s.title,s.name,s.tips,s.pid,p.pid as ppid,p.title as ptitle FROM qw_auth_rule s left join qw_auth_rule p on p.id=s.pid where s.name='Upload/uploadpic' [ RunTime:0.0010s ]
NOTIC: [8] Undefined offset: 0 D:\xampp\htdocs\tp9_1\App\Qwadmin\Controller\ComController.class.php 第 61 行.
SQL: SHOW COLUMNS FROM `qw_auth_rule` [ RunTime:0.0020s ]
SQL: SELECT `id`,`title`,`pid`,`name`,`icon` FROM `qw_auth_rule` WHERE ( islink=1 AND id in (1,2,58,62,61,60,59,3,56,4,6,5,7,8,9,10,51,52,53,57,11,54,12,13,14,15,16,17,18,19,20,21,22,23,81,82,83,24,25,26,27,29,30,31,32,33,34,36,84,85,86,87,37,38,39,40,41,42,43,44,45,46,47,63,48,49,50,55)  ) ORDER BY o ASC  [ RunTime:0.0040s ]
NOTIC: [8] Undefined index: img D:\xampp\htdocs\tp9_1\App\Qwadmin\Controller\UploadController.class.php 第 60 行.
INFO: [ view_parse ] --START--
INFO: [ template_filter ] --START--
INFO: Run Behavior\ContentReplaceBehavior [ RunTime:0.000000s ]
INFO: [ template_filter ] --END-- [ RunTime:0.000000s ]
INFO: Run Behavior\ParseTemplateBehavior [ RunTime:0.049003s ]
INFO: [ view_parse ] --END-- [ RunTime:0.049003s ]
INFO: [ view_filter ] --START--
INFO: Run Behavior\WriteHtmlCacheBehavior [ RunTime:0.001000s ]
INFO: [ view_filter ] --END-- [ RunTime:0.001000s ]
INFO: [ app_end ] --START--
INFO: Run Behavior\ShowPageTraceBehavior [ RunTime:0.001000s ]
INFO: [ app_end ] --END-- [ RunTime:0.001000s ]

[ 2016-12-09T12:22:45+08:00 ] ::1 /tp9_1/index.php/Qwadmin/Upload/uploadpic.html?
INFO: [ app_init ] --START--
INFO: Run Behavior\BuildLiteBehavior [ RunTime:0.000000s ]
INFO: [ app_init ] --END-- [ RunTime:0.000000s ]
INFO: [ app_begin ] --START--
INFO: Run Behavior\ReadHtmlCacheBehavior [ RunTime:0.001000s ]
INFO: [ app_begin ] --END-- [ RunTime:0.001000s ]
SQL: SHOW COLUMNS FROM `qw_setting` [ RunTime:0.0030s ]
SQL: SELECT `k`,`v` FROM `qw_setting`  [ RunTime:0.0000s ]
SQL: SHOW COLUMNS FROM `qw_member` [ RunTime:0.0030s ]
SQL: SELECT `uid`,`user`,`identifier`,`token`,`salt` FROM `qw_member` WHERE `identifier` = 'ed8665cf22d7531514b2ee0d1d0afe8f' LIMIT 1   [ RunTime:0.0010s ]
SQL: SELECT * FROM qw_auth_group g left join qw_auth_group_access a on g.id=a.group_id where a.uid=1 [ RunTime:0.0010s ]
SQL: SHOW COLUMNS FROM `qw_member` [ RunTime:0.0030s ]
SQL: SELECT * FROM `qw_member` WHERE `uid` = 1 LIMIT 1   [ RunTime:0.0000s ]
SQL: SELECT s.id,s.title,s.name,s.tips,s.pid,p.pid as ppid,p.title as ptitle FROM qw_auth_rule s left join qw_auth_rule p on p.id=s.pid where s.name='Upload/uploadpic' [ RunTime:0.0000s ]
NOTIC: [8] Undefined offset: 0 D:\xampp\htdocs\tp9_1\App\Qwadmin\Controller\ComController.class.php 第 61 行.
SQL: SHOW COLUMNS FROM `qw_auth_rule` [ RunTime:0.0030s ]
SQL: SELECT `id`,`title`,`pid`,`name`,`icon` FROM `qw_auth_rule` WHERE ( islink=1 AND id in (1,2,58,62,61,60,59,3,56,4,6,5,7,8,9,10,51,52,53,57,11,54,12,13,14,15,16,17,18,19,20,21,22,23,81,82,83,24,25,26,27,29,30,31,32,33,34,36,84,85,86,87,37,38,39,40,41,42,43,44,45,46,47,63,48,49,50,55)  ) ORDER BY o ASC  [ RunTime:0.0010s ]
INFO: [ view_parse ] --START--
INFO: [ template_filter ] --START--
INFO: Run Behavior\ContentReplaceBehavior [ RunTime:0.000000s ]
INFO: [ template_filter ] --END-- [ RunTime:0.000000s ]
INFO: Run Behavior\ParseTemplateBehavior [ RunTime:0.017001s ]
INFO: [ view_parse ] --END-- [ RunTime:0.017001s ]
INFO: [ view_filter ] --START--
INFO: Run Behavior\WriteHtmlCacheBehavior [ RunTime:0.002000s ]
INFO: [ view_filter ] --END-- [ RunTime:0.002000s ]
INFO: [ app_end ] --START--
INFO: Run Behavior\ShowPageTraceBehavior [ RunTime:0.003000s ]
INFO: [ app_end ] --END-- [ RunTime:0.003000s ]

[ 2016-12-09T12:22:52+08:00 ] ::1 /tp9_1/index.php/Qwadmin/Member/update.html
INFO: [ app_init ] --START--
INFO: Run Behavior\BuildLiteBehavior [ RunTime:0.000000s ]
INFO: [ app_init ] --END-- [ RunTime:0.000000s ]
INFO: [ app_begin ] --START--
INFO: Run Behavior\ReadHtmlCacheBehavior [ RunTime:0.001000s ]
INFO: [ app_begin ] --END-- [ RunTime:0.001000s ]
SQL: SHOW COLUMNS FROM `qw_setting` [ RunTime:0.0030s ]
SQL: SELECT `k`,`v` FROM `qw_setting`  [ RunTime:0.0010s ]
SQL: SHOW COLUMNS FROM `qw_member` [ RunTime:0.0030s ]
SQL: SELECT `uid`,`user`,`identifier`,`token`,`salt` FROM `qw_member` WHERE `identifier` = 'ed8665cf22d7531514b2ee0d1d0afe8f' LIMIT 1   [ RunTime:0.0000s ]
SQL: SELECT * FROM qw_auth_group g left join qw_auth_group_access a on g.id=a.group_id where a.uid=1 [ RunTime:0.0000s ]
SQL: SHOW COLUMNS FROM `qw_member` [ RunTime:0.0030s ]
SQL: SELECT * FROM `qw_member` WHERE `uid` = 1 LIMIT 1   [ RunTime:0.0010s ]
SQL: SELECT s.id,s.title,s.name,s.tips,s.pid,p.pid as ppid,p.title as ptitle FROM qw_auth_rule s left join qw_auth_rule p on p.id=s.pid where s.name='Member/update' [ RunTime:0.0000s ]
SQL: SHOW COLUMNS FROM `qw_auth_rule` [ RunTime:0.0030s ]
SQL: SELECT `id`,`title`,`pid`,`name`,`icon` FROM `qw_auth_rule` WHERE ( islink=1 AND id in (1,2,58,62,61,60,59,3,56,4,6,5,7,8,9,10,51,52,53,57,11,54,12,13,14,15,16,17,18,19,20,21,22,23,81,82,83,24,25,26,27,29,30,31,32,33,34,36,84,85,86,87,37,38,39,40,41,42,43,44,45,46,47,63,48,49,50,55)  ) ORDER BY o ASC  [ RunTime:0.0010s ]
NOTIC: [2] Illegal string offset 'uid' D:\xampp\htdocs\tp9_1\App\Qwadmin\Controller\MemberController.class.php 第 138 行.
NOTIC: [2] Illegal string offset 'user' D:\xampp\htdocs\tp9_1\App\Qwadmin\Controller\MemberController.class.php 第 138 行.
SQL: SELECT COUNT(*) AS tp_count FROM `qw_member` WHERE ( user='sxujob}' ) LIMIT 1   [ RunTime:0.0000s ]
SQL: INSERT INTO `qw_member` (`password`,`sex`,`head`,`birthday`,`phone`,`qq`,`email`,`identifier`,`token`,`salt`,`t`,`user`) VALUES ('83254af89b2408583696f088e5ac63a1','1','/Public/attached/201612/1481257365.png','0','','','','4b70f5fb59aeade195c446cec49a7549','2ad06422b88d55a782cd8614c8a9d39f','KYrueg9AFY','1481257372','sxujob') [ RunTime:0.0010s ]
SQL: SHOW COLUMNS FROM `qw_auth_group_access` [ RunTime:0.0020s ]
SQL: INSERT INTO `qw_auth_group_access` (`group_id`,`uid`) VALUES ('8','15') [ RunTime:0.0120s ]
SQL: SHOW COLUMNS FROM `qw_log` [ RunTime:0.0020s ]
SQL: SELECT `user` FROM `qw_member` WHERE `identifier` = 'ed8665cf22d7531514b2ee0d1d0afe8f' LIMIT 1   [ RunTime:0.0010s ]
SQL: INSERT INTO `qw_log` (`name`,`t`,`ip`,`log`) VALUES ('admin','1481257372','::1','新增会员，会员UID：15') [ RunTime:0.0000s ]
INFO: [ view_parse ] --START--
INFO: [ template_filter ] --START--
INFO: Run Behavior\ContentReplaceBehavior [ RunTime:0.000000s ]
INFO: [ template_filter ] --END-- [ RunTime:0.000000s ]
INFO: Run Behavior\ParseTemplateBehavior [ RunTime:0.040002s ]
INFO: [ view_parse ] --END-- [ RunTime:0.041002s ]
INFO: [ view_filter ] --START--
INFO: Run Behavior\WriteHtmlCacheBehavior [ RunTime:0.008001s ]
INFO: [ view_filter ] --END-- [ RunTime:0.008001s ]
INFO: [ app_end ] --START--
INFO: Run Behavior\ShowPageTraceBehavior [ RunTime:0.001000s ]
INFO: [ app_end ] --END-- [ RunTime:0.001000s ]

[ 2016-12-09T12:22:53+08:00 ] ::1 /tp9_1/index.php/Qwadmin/Member/add.html
INFO: [ app_init ] --START--
INFO: Run Behavior\BuildLiteBehavior [ RunTime:0.000000s ]
INFO: [ app_init ] --END-- [ RunTime:0.000000s ]
INFO: [ app_begin ] --START--
INFO: Run Behavior\ReadHtmlCacheBehavior [ RunTime:0.001000s ]
INFO: [ app_begin ] --END-- [ RunTime:0.001000s ]
SQL: SHOW COLUMNS FROM `qw_setting` [ RunTime:0.0020s ]
SQL: SELECT `k`,`v` FROM `qw_setting`  [ RunTime:0.0010s ]
SQL: SHOW COLUMNS FROM `qw_member` [ RunTime:0.0030s ]
SQL: SELECT `uid`,`user`,`identifier`,`token`,`salt` FROM `qw_member` WHERE `identifier` = 'ed8665cf22d7531514b2ee0d1d0afe8f' LIMIT 1   [ RunTime:0.0000s ]
SQL: SELECT * FROM qw_auth_group g left join qw_auth_group_access a on g.id=a.group_id where a.uid=1 [ RunTime:0.0000s ]
SQL: SHOW COLUMNS FROM `qw_member` [ RunTime:0.0030s ]
SQL: SELECT * FROM `qw_member` WHERE `uid` = 1 LIMIT 1   [ RunTime:0.0000s ]
SQL: SELECT s.id,s.title,s.name,s.tips,s.pid,p.pid as ppid,p.title as ptitle FROM qw_auth_rule s left join qw_auth_rule p on p.id=s.pid where s.name='Member/add' [ RunTime:0.0010s ]
SQL: SHOW COLUMNS FROM `qw_auth_rule` [ RunTime:0.0020s ]
SQL: SELECT `id`,`title`,`pid`,`name`,`icon` FROM `qw_auth_rule` WHERE ( islink=1 AND id in (1,2,58,62,61,60,59,3,56,4,6,5,7,8,9,10,51,52,53,57,11,54,12,13,14,15,16,17,18,19,20,21,22,23,81,82,83,24,25,26,27,29,30,31,32,33,34,36,84,85,86,87,37,38,39,40,41,42,43,44,45,46,47,63,48,49,50,55)  ) ORDER BY o ASC  [ RunTime:0.0000s ]
SQL: SHOW COLUMNS FROM `qw_auth_group` [ RunTime:0.0020s ]
SQL: SELECT `id`,`title` FROM `qw_auth_group`  [ RunTime:0.0010s ]
INFO: [ view_parse ] --START--
INFO: [ template_filter ] --START--
INFO: Run Behavior\ContentReplaceBehavior [ RunTime:0.000000s ]
INFO: [ template_filter ] --END-- [ RunTime:0.001000s ]
NOTIC: [8] Undefined variable: member D:\xampp\htdocs\tp9_1\App\Runtime\Cache\Qwadmin\cc024f7bc7cc4b94a6a980212af99398.php 第 369 行.
NOTIC: [8] Undefined variable: member D:\xampp\htdocs\tp9_1\App\Runtime\Cache\Qwadmin\cc024f7bc7cc4b94a6a980212af99398.php 第 369 行.
NOTIC: [8] Undefined variable: member D:\xampp\htdocs\tp9_1\App\Runtime\Cache\Qwadmin\cc024f7bc7cc4b94a6a980212af99398.php 第 369 行.
NOTIC: [8] Undefined variable: member D:\xampp\htdocs\tp9_1\App\Runtime\Cache\Qwadmin\cc024f7bc7cc4b94a6a980212af99398.php 第 369 行.
NOTIC: [8] Undefined variable: member D:\xampp\htdocs\tp9_1\App\Runtime\Cache\Qwadmin\cc024f7bc7cc4b94a6a980212af99398.php 第 394 行.
NOTIC: [8] Undefined variable: member D:\xampp\htdocs\tp9_1\App\Runtime\Cache\Qwadmin\cc024f7bc7cc4b94a6a980212af99398.php 第 434 行.
NOTIC: [8] Undefined variable: member D:\xampp\htdocs\tp9_1\App\Runtime\Cache\Qwadmin\cc024f7bc7cc4b94a6a980212af99398.php 第 446 行.
NOTIC: [8] Undefined variable: member D:\xampp\htdocs\tp9_1\App\Runtime\Cache\Qwadmin\cc024f7bc7cc4b94a6a980212af99398.php 第 458 行.
INFO: Run Behavior\ParseTemplateBehavior [ RunTime:0.062004s ]
INFO: [ view_parse ] --END-- [ RunTime:0.062004s ]
INFO: [ view_filter ] --START--
INFO: Run Behavior\WriteHtmlCacheBehavior [ RunTime:0.001000s ]
INFO: [ view_filter ] --END-- [ RunTime:0.001000s ]
INFO: [ app_end ] --START--
INFO: Run Behavior\ShowPageTraceBehavior [ RunTime:0.003000s ]
INFO: [ app_end ] --END-- [ RunTime:0.003000s ]

[ 2016-12-09T12:22:53+08:00 ] ::1 /tp9_1/index.php/Qwadmin/Upload/uploadpic.html?Width=100&Height=100&BackCall=head&Img=
INFO: [ app_init ] --START--
INFO: Run Behavior\BuildLiteBehavior [ RunTime:0.000000s ]
INFO: [ app_init ] --END-- [ RunTime:0.001000s ]
INFO: [ app_begin ] --START--
INFO: Run Behavior\ReadHtmlCacheBehavior [ RunTime:0.002000s ]
INFO: [ app_begin ] --END-- [ RunTime:0.002000s ]
SQL: SHOW COLUMNS FROM `qw_setting` [ RunTime:0.0030s ]
SQL: SELECT `k`,`v` FROM `qw_setting`  [ RunTime:0.0100s ]
SQL: SHOW COLUMNS FROM `qw_member` [ RunTime:0.0030s ]
SQL: SELECT `uid`,`user`,`identifier`,`token`,`salt` FROM `qw_member` WHERE `identifier` = 'ed8665cf22d7531514b2ee0d1d0afe8f' LIMIT 1   [ RunTime:0.0020s ]
SQL: SELECT * FROM qw_auth_group g left join qw_auth_group_access a on g.id=a.group_id where a.uid=1 [ RunTime:0.0000s ]
SQL: SHOW COLUMNS FROM `qw_member` [ RunTime:0.0020s ]
SQL: SELECT * FROM `qw_member` WHERE `uid` = 1 LIMIT 1   [ RunTime:0.0000s ]
SQL: SELECT s.id,s.title,s.name,s.tips,s.pid,p.pid as ppid,p.title as ptitle FROM qw_auth_rule s left join qw_auth_rule p on p.id=s.pid where s.name='Upload/uploadpic' [ RunTime:0.0010s ]
NOTIC: [8] Undefined offset: 0 D:\xampp\htdocs\tp9_1\App\Qwadmin\Controller\ComController.class.php 第 61 行.
SQL: SHOW COLUMNS FROM `qw_auth_rule` [ RunTime:0.0030s ]
SQL: SELECT `id`,`title`,`pid`,`name`,`icon` FROM `qw_auth_rule` WHERE ( islink=1 AND id in (1,2,58,62,61,60,59,3,56,4,6,5,7,8,9,10,51,52,53,57,11,54,12,13,14,15,16,17,18,19,20,21,22,23,81,82,83,24,25,26,27,29,30,31,32,33,34,36,84,85,86,87,37,38,39,40,41,42,43,44,45,46,47,63,48,49,50,55)  ) ORDER BY o ASC  [ RunTime:0.0010s ]
NOTIC: [8] Undefined index: img D:\xampp\htdocs\tp9_1\App\Qwadmin\Controller\UploadController.class.php 第 60 行.
INFO: [ view_parse ] --START--
INFO: [ template_filter ] --START--
INFO: Run Behavior\ContentReplaceBehavior [ RunTime:0.000000s ]
INFO: [ template_filter ] --END-- [ RunTime:0.001000s ]
INFO: Run Behavior\ParseTemplateBehavior [ RunTime:0.022001s ]
INFO: [ view_parse ] --END-- [ RunTime:0.022001s ]
INFO: [ view_filter ] --START--
INFO: Run Behavior\WriteHtmlCacheBehavior [ RunTime:0.002000s ]
INFO: [ view_filter ] --END-- [ RunTime:0.002000s ]
INFO: [ app_end ] --START--
INFO: Run Behavior\ShowPageTraceBehavior [ RunTime:0.001000s ]
INFO: [ app_end ] --END-- [ RunTime:0.001000s ]

[ 2016-12-09T12:24:13+08:00 ] ::1 /tp9_1/index.php/Qwadmin/Member/index.html
INFO: [ app_init ] --START--
INFO: Run Behavior\BuildLiteBehavior [ RunTime:0.000000s ]
INFO: [ app_init ] --END-- [ RunTime:0.001000s ]
INFO: [ app_begin ] --START--
INFO: Run Behavior\ReadHtmlCacheBehavior [ RunTime:0.001000s ]
INFO: [ app_begin ] --END-- [ RunTime:0.002000s ]
SQL: SHOW COLUMNS FROM `qw_setting` [ RunTime:0.0020s ]
SQL: SELECT `k`,`v` FROM `qw_setting`  [ RunTime:0.0000s ]
SQL: SHOW COLUMNS FROM `qw_member` [ RunTime:0.0020s ]
SQL: SELECT `uid`,`user`,`identifier`,`token`,`salt` FROM `qw_member` WHERE `identifier` = 'ed8665cf22d7531514b2ee0d1d0afe8f' LIMIT 1   [ RunTime:0.0000s ]
SQL: SELECT * FROM qw_auth_group g left join qw_auth_group_access a on g.id=a.group_id where a.uid=1 [ RunTime:0.0010s ]
SQL: SHOW COLUMNS FROM `qw_member` [ RunTime:0.0030s ]
SQL: SELECT * FROM `qw_member` WHERE `uid` = 1 LIMIT 1   [ RunTime:0.0000s ]
SQL: SELECT s.id,s.title,s.name,s.tips,s.pid,p.pid as ppid,p.title as ptitle FROM qw_auth_rule s left join qw_auth_rule p on p.id=s.pid where s.name='Member/index' [ RunTime:0.0010s ]
SQL: SHOW COLUMNS FROM `qw_auth_rule` [ RunTime:0.0030s ]
SQL: SELECT `id`,`title`,`pid`,`name`,`icon` FROM `qw_auth_rule` WHERE ( islink=1 AND id in (1,2,58,62,61,60,59,3,56,4,6,5,7,8,9,10,51,52,53,57,11,54,12,13,14,15,16,17,18,19,20,21,22,23,81,82,83,24,25,26,27,29,30,31,32,33,34,36,84,85,86,87,37,38,39,40,41,42,43,44,45,46,47,63,48,49,50,55)  ) ORDER BY o ASC  [ RunTime:0.0010s ]
SQL: SELECT COUNT(*) AS tp_count FROM `qw_member` LIMIT 1   [ RunTime:0.0000s ]
SQL: SELECT qw_member.*,qw_auth_group.id as gid,qw_auth_group.title FROM `qw_member` INNER JOIN qw_auth_group_access ON qw_member.uid = qw_auth_group_access.uid INNER JOIN qw_auth_group ON qw_auth_group.id = qw_auth_group_access.group_id  ORDER BY qw_member.uid asc LIMIT 0,15   [ RunTime:0.0010s ]
SQL: SHOW COLUMNS FROM `qw_auth_group` [ RunTime:0.0030s ]
SQL: SELECT `id`,`title` FROM `qw_auth_group`  [ RunTime:0.0000s ]
INFO: [ view_parse ] --START--
INFO: [ template_filter ] --START--
INFO: Run Behavior\ContentReplaceBehavior [ RunTime:0.000000s ]
INFO: [ template_filter ] --END-- [ RunTime:0.000000s ]
INFO: Run Behavior\ParseTemplateBehavior [ RunTime:0.089005s ]
INFO: [ view_parse ] --END-- [ RunTime:0.089005s ]
INFO: [ view_filter ] --START--
INFO: Run Behavior\WriteHtmlCacheBehavior [ RunTime:0.001000s ]
INFO: [ view_filter ] --END-- [ RunTime:0.001000s ]
INFO: [ app_end ] --START--
INFO: Run Behavior\ShowPageTraceBehavior [ RunTime:0.003000s ]
INFO: [ app_end ] --END-- [ RunTime:0.003000s ]

